<?xml version="1.0" encoding="UTF-8"?>
<robot generator="Robot 3.0.4 (Python 3.7.6 on win32)" generated="20200905 18:11:22.031">
<suite id="s1" name="TC1 select price range and varify" source="D:\MONU\Robotframework\Flipcart\TestCases\TC1_select_price_range_and_varify.txt">
<kw name="Open Flipcart" library="Keywords" type="setup">
<kw name="Open Browser" library="Selenium2Library">
<doc>Opens a new browser instance to the optional ``url``.</doc>
<arguments>
<arg>${urlOfFlipcart}</arg>
<arg>${browser}</arg>
</arguments>
<msg timestamp="20200905 18:11:22.332" level="INFO">Opening browser 'Firefox' to base url 'https://www.flipkart.com/'.</msg>
<msg timestamp="20200905 18:11:22.332" level="INFO">Firefox driver log is always forced to to: D:\MONU\Robotframework\Flipcart\TestCases\geckodriver-12.log</msg>
<status status="PASS" starttime="20200905 18:11:22.332" endtime="20200905 18:11:38.236"></status>
</kw>
<kw name="Maximize Browser Window" library="Selenium2Library">
<doc>Maximizes current browser window.</doc>
<status status="PASS" starttime="20200905 18:11:38.236" endtime="20200905 18:11:38.264"></status>
</kw>
<status status="PASS" starttime="20200905 18:11:22.332" endtime="20200905 18:11:38.265"></status>
</kw>
<test id="s1-t1" name="Select Price Range For Samsung And Verify Price According to Selected Price Range">
<kw name="Run Keyword And Return Status" library="BuiltIn">
<doc>Runs the given keyword with given arguments and returns the status as a Boolean value.</doc>
<arguments>
<arg>Element Should Be Visible</arg>
<arg>${LoginBox}</arg>
</arguments>
<assign>
<var>${statusLoginBox}</var>
</assign>
<kw name="Element Should Be Visible" library="Selenium2Library">
<doc>Verifies that the element identified by ``locator`` is visible.</doc>
<arguments>
<arg>${LoginBox}</arg>
</arguments>
<msg timestamp="20200905 18:11:38.317" level="INFO">Element 'css=div[class="_2ISNhP _3AOFWO"]' is displayed.</msg>
<status status="PASS" starttime="20200905 18:11:38.267" endtime="20200905 18:11:38.317"></status>
</kw>
<msg timestamp="20200905 18:11:38.317" level="INFO">${statusLoginBox} = True</msg>
<status status="PASS" starttime="20200905 18:11:38.267" endtime="20200905 18:11:38.317"></status>
</kw>
<kw name="Run Keyword If" library="BuiltIn">
<doc>Runs the given keyword with the given arguments, if ``condition`` is true.</doc>
<arguments>
<arg>${statusLoginBox}==True</arg>
<arg>Click Element</arg>
<arg>${LoginCrossButton}</arg>
</arguments>
<kw name="Click Element" library="Selenium2Library">
<doc>Click the element identified by ``locator``.</doc>
<arguments>
<arg>${LoginCrossButton}</arg>
</arguments>
<msg timestamp="20200905 18:11:38.319" level="INFO">Clicking element 'css=button[class="_2AkmmA _29YdH8"]'.</msg>
<status status="PASS" starttime="20200905 18:11:38.319" endtime="20200905 18:11:38.610"></status>
</kw>
<status status="PASS" starttime="20200905 18:11:38.318" endtime="20200905 18:11:38.610"></status>
</kw>
<kw name="Wait Until Element Is Visible" library="Selenium2Library">
<doc>Waits until the element ``locator`` is visible.</doc>
<arguments>
<arg>${ToolbarButtons}</arg>
<arg>timeout=15s</arg>
</arguments>
<status status="PASS" starttime="20200905 18:11:38.611" endtime="20200905 18:11:38.643"></status>
</kw>
<kw name="Mouse Over" library="Selenium2Library">
<doc>Simulates hovering the mouse over the element ``locator``.</doc>
<arguments>
<arg>${ElectronicsToolbarButton}</arg>
</arguments>
<msg timestamp="20200905 18:11:38.644" level="INFO">Simulating Mouse Over on element 'css=ul[class="_114Zhd"]&gt;li:nth-child(1)'.</msg>
<status status="PASS" starttime="20200905 18:11:38.644" endtime="20200905 18:11:38.915"></status>
</kw>
<kw name="Wait Until Element Is Visible" library="Selenium2Library">
<doc>Waits until the element ``locator`` is visible.</doc>
<arguments>
<arg>${SamsungLink}</arg>
</arguments>
<status status="PASS" starttime="20200905 18:11:38.917" endtime="20200905 18:11:39.236"></status>
</kw>
<kw name="Click Element" library="Selenium2Library">
<doc>Click the element identified by ``locator``.</doc>
<arguments>
<arg>${SamsungLink}</arg>
</arguments>
<msg timestamp="20200905 18:11:39.237" level="INFO">Clicking element 'css=a[title="Samsung"]'.</msg>
<status status="PASS" starttime="20200905 18:11:39.236" endtime="20200905 18:11:39.503"></status>
</kw>
<kw name="Wait Until Element Is Visible" library="Selenium2Library">
<doc>Waits until the element ``locator`` is visible.</doc>
<arguments>
<arg>${Results}</arg>
<arg>timeout=15s</arg>
</arguments>
<status status="PASS" starttime="20200905 18:11:39.507" endtime="20200905 18:11:39.566"></status>
</kw>
<kw name="Wait Until Element Is Visible" library="Selenium2Library">
<doc>Waits until the element ``locator`` is visible.</doc>
<arguments>
<arg>${ViewAllButton}</arg>
<arg>timeout=30s</arg>
</arguments>
<status status="PASS" starttime="20200905 18:11:39.567" endtime="20200905 18:11:41.530"></status>
</kw>
<kw name="Click Element" library="Selenium2Library">
<doc>Click the element identified by ``locator``.</doc>
<arguments>
<arg>${ViewAllButton}</arg>
</arguments>
<msg timestamp="20200905 18:11:41.530" level="INFO">Clicking element 'css=div[class="_3e7xtJ"] div[class="bhgxx2 col-12-12"]:nth-child(1) div[class="_2rQIn7"]'.</msg>
<status status="PASS" starttime="20200905 18:11:41.530" endtime="20200905 18:11:42.007"></status>
</kw>
<kw name="Wait Until Element Is Visible" library="Selenium2Library">
<doc>Waits until the element ``locator`` is visible.</doc>
<arguments>
<arg>${FilteredResults}</arg>
</arguments>
<status status="PASS" starttime="20200905 18:11:42.010" endtime="20200905 18:11:42.702"></status>
</kw>
<kw name="Click Element" library="Selenium2Library">
<doc>Click the element identified by ``locator``.</doc>
<arguments>
<arg>${MinimumPriceSelectionBox}</arg>
</arguments>
<msg timestamp="20200905 18:11:42.705" level="INFO">Clicking element 'css=div[class="_1qKb_B"]'.</msg>
<status status="PASS" starttime="20200905 18:11:42.704" endtime="20200905 18:11:42.971"></status>
</kw>
<kw name="Click Element" library="Selenium2Library">
<doc>Click the element identified by ``locator``.</doc>
<arguments>
<arg>${SelectMinimumPrice}</arg>
</arguments>
<msg timestamp="20200905 18:11:42.974" level="INFO">Clicking element 'css=div[class="_1qKb_B"] option[value="2000"]'.</msg>
<status status="PASS" starttime="20200905 18:11:42.972" endtime="20200905 18:11:43.279"></status>
</kw>
<kw name="Get Value" library="Selenium2Library">
<doc>Returns the value attribute of the element identified by ``locator``.</doc>
<arguments>
<arg>${SelectMinimumPrice}</arg>
</arguments>
<assign>
<var>${miniPrice}</var>
</assign>
<msg timestamp="20200905 18:11:43.361" level="INFO">${miniPrice} = 2000</msg>
<status status="PASS" starttime="20200905 18:11:43.279" endtime="20200905 18:11:43.361"></status>
</kw>
<kw name="Wait Until Element Is Visible" library="Selenium2Library">
<doc>Waits until the element ``locator`` is visible.</doc>
<arguments>
<arg>${FilteredResults}</arg>
</arguments>
<status status="PASS" starttime="20200905 18:11:43.362" endtime="20200905 18:11:43.434"></status>
</kw>
<kw name="Wait Until Element Is Not Visible" library="Selenium2Library">
<doc>Waits until the element ``locator`` is not visible.</doc>
<arguments>
<arg>${PageLoad}</arg>
<arg>timeout=15s</arg>
</arguments>
<status status="PASS" starttime="20200905 18:11:43.435" endtime="20200905 18:11:43.750"></status>
</kw>
<kw name="Click Element" library="Selenium2Library">
<doc>Click the element identified by ``locator``.</doc>
<arguments>
<arg>${MaximumPriceSelectionBox}</arg>
</arguments>
<msg timestamp="20200905 18:11:43.752" level="INFO">Clicking element 'css=div[class="_1YoBfV"]'.</msg>
<status status="PASS" starttime="20200905 18:11:43.752" endtime="20200905 18:11:44.039"></status>
</kw>
<kw name="Click Element" library="Selenium2Library">
<doc>Click the element identified by ``locator``.</doc>
<arguments>
<arg>${SelectMaximumPrice}</arg>
</arguments>
<msg timestamp="20200905 18:11:44.042" level="INFO">Clicking element 'css=div[class="_1YoBfV"] option[value="10000"]'.</msg>
<status status="PASS" starttime="20200905 18:11:44.042" endtime="20200905 18:11:44.334"></status>
</kw>
<kw name="Wait Until Element Is Not Visible" library="Selenium2Library">
<doc>Waits until the element ``locator`` is not visible.</doc>
<arguments>
<arg>${PageLoad}</arg>
<arg>timeout=15s</arg>
</arguments>
<status status="PASS" starttime="20200905 18:11:44.334" endtime="20200905 18:11:44.777"></status>
</kw>
<kw name="Get Value" library="Selenium2Library">
<doc>Returns the value attribute of the element identified by ``locator``.</doc>
<arguments>
<arg>${SelectMaximumPrice}</arg>
</arguments>
<assign>
<var>${maxiPrice}</var>
</assign>
<msg timestamp="20200905 18:11:44.852" level="INFO">${maxiPrice} = 10000</msg>
<status status="PASS" starttime="20200905 18:11:44.778" endtime="20200905 18:11:44.852"></status>
</kw>
<kw name="Wait Until Element Is Visible" library="Selenium2Library">
<doc>Waits until the element ``locator`` is visible.</doc>
<arguments>
<arg>${FilteredResults}</arg>
</arguments>
<status status="PASS" starttime="20200905 18:11:44.853" endtime="20200905 18:11:44.912"></status>
</kw>
<kw name="${pageNumber} IN RANGE [ 1000 ]" type="for">
<kw name="${pageNumber} = 0" type="foritem">
<kw name="Verify Price According to Selected Price Range">
<arguments>
<arg>${miniPrice}</arg>
<arg>${maxiPrice}</arg>
</arguments>
<kw name="Get Element Count" library="Selenium2Library">
<doc>Returns the number of elements matching ``locator``.</doc>
<arguments>
<arg>${FilteredResults}</arg>
</arguments>
<assign>
<var>${totalResults}</var>
</assign>
<msg timestamp="20200905 18:11:44.934" level="INFO">${totalResults} = 24</msg>
<status status="PASS" starttime="20200905 18:11:44.915" endtime="20200905 18:11:44.934"></status>
</kw>
<kw name="${singleResultNum} IN RANGE [ 2 | ${totalResults}+1 ]" type="for">
<kw name="${singleResultNum} = 2" type="foritem">
<kw name="Convert To String" library="BuiltIn">
<doc>Converts the given item to a Unicode string.</doc>
<arguments>
<arg>${singleResultNum}</arg>
</arguments>
<assign>
<var>${resultNumber}</var>
</assign>
<msg timestamp="20200905 18:11:44.935" level="INFO">${resultNumber} = 2</msg>
<status status="PASS" starttime="20200905 18:11:44.935" endtime="20200905 18:11:44.935"></status>
</kw>
<kw name="Replace String" library="String">
<doc>Replaces ``search_for`` in the given ``string`` with ``replace_with``.</doc>
<arguments>
<arg>${SingleFilteredResult}</arg>
<arg>NUM</arg>
<arg>${resultNumber}</arg>
</arguments>
<assign>
<var>${SingleFilteredResult}</var>
</assign>
<msg timestamp="20200905 18:11:44.936" level="INFO">${SingleFilteredResult} = css=div[class*="HmYoV"] div[class*="bhgxx"]:nth-child(2) a[class*="qSD"]</msg>
<status status="PASS" starttime="20200905 18:11:44.936" endtime="20200905 18:11:44.936"></status>
</kw>
<kw name="Replace String" library="String">
<doc>Replaces ``search_for`` in the given ``string`` with ``replace_with``.</doc>
<arguments>
<arg>${DisplayedPrice}</arg>
<arg>NUM</arg>
<arg>${resultNumber}</arg>
</arguments>
<assign>
<var>${DisplayedPrice}</var>
</assign>
<msg timestamp="20200905 18:11:44.938" level="INFO">${DisplayedPrice} = css=div[class*="HmYoV"] div[class*="bhgxx"]:nth-child(2) a[class*="qSD"] div[class*="rQ-NK"]</msg>
<status status="PASS" starttime="20200905 18:11:44.937" endtime="20200905 18:11:44.938"></status>
</kw>
<kw name="Get Text" library="Selenium2Library">
<doc>Returns the text value of the element identified by ``locator``.</doc>
<arguments>
<arg>${DisplayedPrice}</arg>
</arguments>
<assign>
<var>${price}</var>
</assign>
<msg timestamp="20200905 18:11:44.991" level="INFO">${price} = ₹7,150</msg>
<status status="PASS" starttime="20200905 18:11:44.938" endtime="20200905 18:11:44.991"></status>
</kw>
<kw name="Get Substring" library="String">
<doc>Returns a substring from ``start`` index to ``end`` index.</doc>
<arguments>
<arg>${price}</arg>
<arg>1</arg>
</arguments>
<assign>
<var>${price}</var>
</assign>
<msg timestamp="20200905 18:11:44.992" level="INFO">${price} = 7,150</msg>
<status status="PASS" starttime="20200905 18:11:44.991" endtime="20200905 18:11:44.992"></status>
</kw>
<kw name="Remove String" library="String">
<doc>Removes all ``removables`` from the given ``string``.</doc>
<arguments>
<arg>${price}</arg>
<arg>,</arg>
</arguments>
<assign>
<var>${price}</var>
</assign>
<msg timestamp="20200905 18:11:44.992" level="INFO">${price} = 7150</msg>
<status status="PASS" starttime="20200905 18:11:44.992" endtime="20200905 18:11:44.992"></status>
</kw>
<kw name="Should Be True" library="BuiltIn">
<doc>Fails if the given condition is not true.</doc>
<arguments>
<arg>${miniPrice}&lt;=${price}</arg>
</arguments>
<status status="PASS" starttime="20200905 18:11:44.992" endtime="20200905 18:11:44.993"></status>
</kw>
<kw name="Should Be True" library="BuiltIn">
<doc>Fails if the given condition is not true.</doc>
<arguments>
<arg>${maxiPrice}&gt;=${price}</arg>
</arguments>
<status status="PASS" starttime="20200905 18:11:44.993" endtime="20200905 18:11:44.993"></status>
</kw>
<kw name="Replace String" library="String">
<doc>Replaces ``search_for`` in the given ``string`` with ``replace_with``.</doc>
<arguments>
<arg>${SingleFilteredResult}</arg>
<arg>${resultNumber}</arg>
<arg>NUM</arg>
</arguments>
<assign>
<var>${SingleFilteredResult}</var>
</assign>
<msg timestamp="20200905 18:11:44.994" level="INFO">${SingleFilteredResult} = css=div[class*="HmYoV"] div[class*="bhgxx"]:nth-child(NUM) a[class*="qSD"]</msg>
<status status="PASS" starttime="20200905 18:11:44.993" endtime="20200905 18:11:44.995"></status>
</kw>
<kw name="Replace String" library="String">
<doc>Replaces ``search_for`` in the given ``string`` with ``replace_with``.</doc>
<arguments>
<arg>${DisplayedPrice}</arg>
<arg>${resultNumber}</arg>
<arg>NUM</arg>
</arguments>
<assign>
<var>${DisplayedPrice}</var>
</assign>
<msg timestamp="20200905 18:11:44.996" level="INFO">${DisplayedPrice} = css=div[class*="HmYoV"] div[class*="bhgxx"]:nth-child(NUM) a[class*="qSD"] div[class*="rQ-NK"]</msg>
<status status="PASS" starttime="20200905 18:11:44.995" endtime="20200905 18:11:44.996"></status>
</kw>
<status status="PASS" starttime="20200905 18:11:44.934" endtime="20200905 18:11:44.996"></status>
</kw>
<kw name="${singleResultNum} = 3" type="foritem">
<kw name="Convert To String" library="BuiltIn">
<doc>Converts the given item to a Unicode string.</doc>
<arguments>
<arg>${singleResultNum}</arg>
</arguments>
<assign>
<var>${resultNumber}</var>
</assign>
<msg timestamp="20200905 18:11:44.998" level="INFO">${resultNumber} = 3</msg>
<status status="PASS" starttime="20200905 18:11:44.996" endtime="20200905 18:11:44.998"></status>
</kw>
<kw name="Replace String" library="String">
<doc>Replaces ``search_for`` in the given ``string`` with ``replace_with``.</doc>
<arguments>
<arg>${SingleFilteredResult}</arg>
<arg>NUM</arg>
<arg>${resultNumber}</arg>
</arguments>
<assign>
<var>${SingleFilteredResult}</var>
</assign>
<msg timestamp="20200905 18:11:44.998" level="INFO">${SingleFilteredResult} = css=div[class*="HmYoV"] div[class*="bhgxx"]:nth-child(3) a[class*="qSD"]</msg>
<status status="PASS" starttime="20200905 18:11:44.998" endtime="20200905 18:11:44.998"></status>
</kw>
<kw name="Replace String" library="String">
<doc>Replaces ``search_for`` in the given ``string`` with ``replace_with``.</doc>
<arguments>
<arg>${DisplayedPrice}</arg>
<arg>NUM</arg>
<arg>${resultNumber}</arg>
</arguments>
<assign>
<var>${DisplayedPrice}</var>
</assign>
<msg timestamp="20200905 18:11:44.999" level="INFO">${DisplayedPrice} = css=div[class*="HmYoV"] div[class*="bhgxx"]:nth-child(3) a[class*="qSD"] div[class*="rQ-NK"]</msg>
<status status="PASS" starttime="20200905 18:11:44.999" endtime="20200905 18:11:44.999"></status>
</kw>
<kw name="Get Text" library="Selenium2Library">
<doc>Returns the text value of the element identified by ``locator``.</doc>
<arguments>
<arg>${DisplayedPrice}</arg>
</arguments>
<assign>
<var>${price}</var>
</assign>
<msg timestamp="20200905 18:11:45.029" level="INFO">${price} = ₹6,125</msg>
<status status="PASS" starttime="20200905 18:11:44.999" endtime="20200905 18:11:45.029"></status>
</kw>
<kw name="Get Substring" library="String">
<doc>Returns a substring from ``start`` index to ``end`` index.</doc>
<arguments>
<arg>${price}</arg>
<arg>1</arg>
</arguments>
<assign>
<var>${price}</var>
</assign>
<msg timestamp="20200905 18:11:45.030" level="INFO">${price} = 6,125</msg>
<status status="PASS" starttime="20200905 18:11:45.029" endtime="20200905 18:11:45.030"></status>
</kw>
<kw name="Remove String" library="String">
<doc>Removes all ``removables`` from the given ``string``.</doc>
<arguments>
<arg>${price}</arg>
<arg>,</arg>
</arguments>
<assign>
<var>${price}</var>
</assign>
<msg timestamp="20200905 18:11:45.030" level="INFO">${price} = 6125</msg>
<status status="PASS" starttime="20200905 18:11:45.030" endtime="20200905 18:11:45.030"></status>
</kw>
<kw name="Should Be True" library="BuiltIn">
<doc>Fails if the given condition is not true.</doc>
<arguments>
<arg>${miniPrice}&lt;=${price}</arg>
</arguments>
<status status="PASS" starttime="20200905 18:11:45.030" endtime="20200905 18:11:45.031"></status>
</kw>
<kw name="Should Be True" library="BuiltIn">
<doc>Fails if the given condition is not true.</doc>
<arguments>
<arg>${maxiPrice}&gt;=${price}</arg>
</arguments>
<status status="PASS" starttime="20200905 18:11:45.031" endtime="20200905 18:11:45.031"></status>
</kw>
<kw name="Replace String" library="String">
<doc>Replaces ``search_for`` in the given ``string`` with ``replace_with``.</doc>
<arguments>
<arg>${SingleFilteredResult}</arg>
<arg>${resultNumber}</arg>
<arg>NUM</arg>
</arguments>
<assign>
<var>${SingleFilteredResult}</var>
</assign>
<msg timestamp="20200905 18:11:45.032" level="INFO">${SingleFilteredResult} = css=div[class*="HmYoV"] div[class*="bhgxx"]:nth-child(NUM) a[class*="qSD"]</msg>
<status status="PASS" starttime="20200905 18:11:45.031" endtime="20200905 18:11:45.032"></status>
</kw>
<kw name="Replace String" library="String">
<doc>Replaces ``search_for`` in the given ``string`` with ``replace_with``.</doc>
<arguments>
<arg>${DisplayedPrice}</arg>
<arg>${resultNumber}</arg>
<arg>NUM</arg>
</arguments>
<assign>
<var>${DisplayedPrice}</var>
</assign>
<msg timestamp="20200905 18:11:45.032" level="INFO">${DisplayedPrice} = css=div[class*="HmYoV"] div[class*="bhgxx"]:nth-child(NUM) a[class*="qSD"] div[class*="rQ-NK"]</msg>
<status status="PASS" starttime="20200905 18:11:45.032" endtime="20200905 18:11:45.032"></status>
</kw>
<status status="PASS" starttime="20200905 18:11:44.996" endtime="20200905 18:11:45.032"></status>
</kw>
<kw name="${singleResultNum} = 4" type="foritem">
<kw name="Convert To String" library="BuiltIn">
<doc>Converts the given item to a Unicode string.</doc>
<arguments>
<arg>${singleResultNum}</arg>
</arguments>
<assign>
<var>${resultNumber}</var>
</assign>
<msg timestamp="20200905 18:11:45.033" level="INFO">${resultNumber} = 4</msg>
<status status="PASS" starttime="20200905 18:11:45.032" endtime="20200905 18:11:45.033"></status>
</kw>
<kw name="Replace String" library="String">
<doc>Replaces ``search_for`` in the given ``string`` with ``replace_with``.</doc>
<arguments>
<arg>${SingleFilteredResult}</arg>
<arg>NUM</arg>
<arg>${resultNumber}</arg>
</arguments>
<assign>
<var>${SingleFilteredResult}</var>
</assign>
<msg timestamp="20200905 18:11:45.033" level="INFO">${SingleFilteredResult} = css=div[class*="HmYoV"] div[class*="bhgxx"]:nth-child(4) a[class*="qSD"]</msg>
<status status="PASS" starttime="20200905 18:11:45.033" endtime="20200905 18:11:45.033"></status>
</kw>
<kw name="Replace String" library="String">
<doc>Replaces ``search_for`` in the given ``string`` with ``replace_with``.</doc>
<arguments>
<arg>${DisplayedPrice}</arg>
<arg>NUM</arg>
<arg>${resultNumber}</arg>
</arguments>
<assign>
<var>${DisplayedPrice}</var>
</assign>
<msg timestamp="20200905 18:11:45.034" level="INFO">${DisplayedPrice} = css=div[class*="HmYoV"] div[class*="bhgxx"]:nth-child(4) a[class*="qSD"] div[class*="rQ-NK"]</msg>
<status status="PASS" starttime="20200905 18:11:45.033" endtime="20200905 18:11:45.034"></status>
</kw>
<kw name="Get Text" library="Selenium2Library">
<doc>Returns the text value of the element identified by ``locator``.</doc>
<arguments>
<arg>${DisplayedPrice}</arg>
</arguments>
<assign>
<var>${price}</var>
</assign>
<msg timestamp="20200905 18:11:45.049" level="INFO">${price} = ₹6,993</msg>
<status status="PASS" starttime="20200905 18:11:45.034" endtime="20200905 18:11:45.049"></status>
</kw>
<kw name="Get Substring" library="String">
<doc>Returns a substring from ``start`` index to ``end`` index.</doc>
<arguments>
<arg>${price}</arg>
<arg>1</arg>
</arguments>
<assign>
<var>${price}</var>
</assign>
<msg timestamp="20200905 18:11:45.049" level="INFO">${price} = 6,993</msg>
<status status="PASS" starttime="20200905 18:11:45.049" endtime="20200905 18:11:45.049"></status>
</kw>
<kw name="Remove String" library="String">
<doc>Removes all ``removables`` from the given ``string``.</doc>
<arguments>
<arg>${price}</arg>
<arg>,</arg>
</arguments>
<assign>
<var>${price}</var>
</assign>
<msg timestamp="20200905 18:11:45.050" level="INFO">${price} = 6993</msg>
<status status="PASS" starttime="20200905 18:11:45.050" endtime="20200905 18:11:45.050"></status>
</kw>
<kw name="Should Be True" library="BuiltIn">
<doc>Fails if the given condition is not true.</doc>
<arguments>
<arg>${miniPrice}&lt;=${price}</arg>
</arguments>
<status status="PASS" starttime="20200905 18:11:45.050" endtime="20200905 18:11:45.050"></status>
</kw>
<kw name="Should Be True" library="BuiltIn">
<doc>Fails if the given condition is not true.</doc>
<arguments>
<arg>${maxiPrice}&gt;=${price}</arg>
</arguments>
<status status="PASS" starttime="20200905 18:11:45.051" endtime="20200905 18:11:45.051"></status>
</kw>
<kw name="Replace String" library="String">
<doc>Replaces ``search_for`` in the given ``string`` with ``replace_with``.</doc>
<arguments>
<arg>${SingleFilteredResult}</arg>
<arg>${resultNumber}</arg>
<arg>NUM</arg>
</arguments>
<assign>
<var>${SingleFilteredResult}</var>
</assign>
<msg timestamp="20200905 18:11:45.051" level="INFO">${SingleFilteredResult} = css=div[class*="HmYoV"] div[class*="bhgxx"]:nth-child(NUM) a[class*="qSD"]</msg>
<status status="PASS" starttime="20200905 18:11:45.051" endtime="20200905 18:11:45.051"></status>
</kw>
<kw name="Replace String" library="String">
<doc>Replaces ``search_for`` in the given ``string`` with ``replace_with``.</doc>
<arguments>
<arg>${DisplayedPrice}</arg>
<arg>${resultNumber}</arg>
<arg>NUM</arg>
</arguments>
<assign>
<var>${DisplayedPrice}</var>
</assign>
<msg timestamp="20200905 18:11:45.052" level="INFO">${DisplayedPrice} = css=div[class*="HmYoV"] div[class*="bhgxx"]:nth-child(NUM) a[class*="qSD"] div[class*="rQ-NK"]</msg>
<status status="PASS" starttime="20200905 18:11:45.052" endtime="20200905 18:11:45.052"></status>
</kw>
<status status="PASS" starttime="20200905 18:11:45.032" endtime="20200905 18:11:45.052"></status>
</kw>
<kw name="${singleResultNum} = 5" type="foritem">
<kw name="Convert To String" library="BuiltIn">
<doc>Converts the given item to a Unicode string.</doc>
<arguments>
<arg>${singleResultNum}</arg>
</arguments>
<assign>
<var>${resultNumber}</var>
</assign>
<msg timestamp="20200905 18:11:45.052" level="INFO">${resultNumber} = 5</msg>
<status status="PASS" starttime="20200905 18:11:45.052" endtime="20200905 18:11:45.053"></status>
</kw>
<kw name="Replace String" library="String">
<doc>Replaces ``search_for`` in the given ``string`` with ``replace_with``.</doc>
<arguments>
<arg>${SingleFilteredResult}</arg>
<arg>NUM</arg>
<arg>${resultNumber}</arg>
</arguments>
<assign>
<var>${SingleFilteredResult}</var>
</assign>
<msg timestamp="20200905 18:11:45.053" level="INFO">${SingleFilteredResult} = css=div[class*="HmYoV"] div[class*="bhgxx"]:nth-child(5) a[class*="qSD"]</msg>
<status status="PASS" starttime="20200905 18:11:45.053" endtime="20200905 18:11:45.053"></status>
</kw>
<kw name="Replace String" library="String">
<doc>Replaces ``search_for`` in the given ``string`` with ``replace_with``.</doc>
<arguments>
<arg>${DisplayedPrice}</arg>
<arg>NUM</arg>
<arg>${resultNumber}</arg>
</arguments>
<assign>
<var>${DisplayedPrice}</var>
</assign>
<msg timestamp="20200905 18:11:45.054" level="INFO">${DisplayedPrice} = css=div[class*="HmYoV"] div[class*="bhgxx"]:nth-child(5) a[class*="qSD"] div[class*="rQ-NK"]</msg>
<status status="PASS" starttime="20200905 18:11:45.053" endtime="20200905 18:11:45.054"></status>
</kw>
<kw name="Get Text" library="Selenium2Library">
<doc>Returns the text value of the element identified by ``locator``.</doc>
<arguments>
<arg>${DisplayedPrice}</arg>
</arguments>
<assign>
<var>${price}</var>
</assign>
<msg timestamp="20200905 18:11:45.068" level="INFO">${price} = ₹6,005</msg>
<status status="PASS" starttime="20200905 18:11:45.054" endtime="20200905 18:11:45.068"></status>
</kw>
<kw name="Get Substring" library="String">
<doc>Returns a substring from ``start`` index to ``end`` index.</doc>
<arguments>
<arg>${price}</arg>
<arg>1</arg>
</arguments>
<assign>
<var>${price}</var>
</assign>
<msg timestamp="20200905 18:11:45.069" level="INFO">${price} = 6,005</msg>
<status status="PASS" starttime="20200905 18:11:45.069" endtime="20200905 18:11:45.069"></status>
</kw>
<kw name="Remove String" library="String">
<doc>Removes all ``removables`` from the given ``string``.</doc>
<arguments>
<arg>${price}</arg>
<arg>,</arg>
</arguments>
<assign>
<var>${price}</var>
</assign>
<msg timestamp="20200905 18:11:45.069" level="INFO">${price} = 6005</msg>
<status status="PASS" starttime="20200905 18:11:45.069" endtime="20200905 18:11:45.069"></status>
</kw>
<kw name="Should Be True" library="BuiltIn">
<doc>Fails if the given condition is not true.</doc>
<arguments>
<arg>${miniPrice}&lt;=${price}</arg>
</arguments>
<status status="PASS" starttime="20200905 18:11:45.070" endtime="20200905 18:11:45.070"></status>
</kw>
<kw name="Should Be True" library="BuiltIn">
<doc>Fails if the given condition is not true.</doc>
<arguments>
<arg>${maxiPrice}&gt;=${price}</arg>
</arguments>
<status status="PASS" starttime="20200905 18:11:45.070" endtime="20200905 18:11:45.071"></status>
</kw>
<kw name="Replace String" library="String">
<doc>Replaces ``search_for`` in the given ``string`` with ``replace_with``.</doc>
<arguments>
<arg>${SingleFilteredResult}</arg>
<arg>${resultNumber}</arg>
<arg>NUM</arg>
</arguments>
<assign>
<var>${SingleFilteredResult}</var>
</assign>
<msg timestamp="20200905 18:11:45.072" level="INFO">${SingleFilteredResult} = css=div[class*="HmYoV"] div[class*="bhgxx"]:nth-child(NUM) a[class*="qSD"]</msg>
<status status="PASS" starttime="20200905 18:11:45.071" endtime="20200905 18:11:45.072"></status>
</kw>
<kw name="Replace String" library="String">
<doc>Replaces ``search_for`` in the given ``string`` with ``replace_with``.</doc>
<arguments>
<arg>${DisplayedPrice}</arg>
<arg>${resultNumber}</arg>
<arg>NUM</arg>
</arguments>
<assign>
<var>${DisplayedPrice}</var>
</assign>
<msg timestamp="20200905 18:11:45.072" level="INFO">${DisplayedPrice} = css=div[class*="HmYoV"] div[class*="bhgxx"]:nth-child(NUM) a[class*="qSD"] div[class*="rQ-NK"]</msg>
<status status="PASS" starttime="20200905 18:11:45.072" endtime="20200905 18:11:45.072"></status>
</kw>
<status status="PASS" starttime="20200905 18:11:45.052" endtime="20200905 18:11:45.072"></status>
</kw>
<kw name="${singleResultNum} = 6" type="foritem">
<kw name="Convert To String" library="BuiltIn">
<doc>Converts the given item to a Unicode string.</doc>
<arguments>
<arg>${singleResultNum}</arg>
</arguments>
<assign>
<var>${resultNumber}</var>
</assign>
<msg timestamp="20200905 18:11:45.073" level="INFO">${resultNumber} = 6</msg>
<status status="PASS" starttime="20200905 18:11:45.073" endtime="20200905 18:11:45.073"></status>
</kw>
<kw name="Replace String" library="String">
<doc>Replaces ``search_for`` in the given ``string`` with ``replace_with``.</doc>
<arguments>
<arg>${SingleFilteredResult}</arg>
<arg>NUM</arg>
<arg>${resultNumber}</arg>
</arguments>
<assign>
<var>${SingleFilteredResult}</var>
</assign>
<msg timestamp="20200905 18:11:45.073" level="INFO">${SingleFilteredResult} = css=div[class*="HmYoV"] div[class*="bhgxx"]:nth-child(6) a[class*="qSD"]</msg>
<status status="PASS" starttime="20200905 18:11:45.073" endtime="20200905 18:11:45.073"></status>
</kw>
<kw name="Replace String" library="String">
<doc>Replaces ``search_for`` in the given ``string`` with ``replace_with``.</doc>
<arguments>
<arg>${DisplayedPrice}</arg>
<arg>NUM</arg>
<arg>${resultNumber}</arg>
</arguments>
<assign>
<var>${DisplayedPrice}</var>
</assign>
<msg timestamp="20200905 18:11:45.074" level="INFO">${DisplayedPrice} = css=div[class*="HmYoV"] div[class*="bhgxx"]:nth-child(6) a[class*="qSD"] div[class*="rQ-NK"]</msg>
<status status="PASS" starttime="20200905 18:11:45.074" endtime="20200905 18:11:45.074"></status>
</kw>
<kw name="Get Text" library="Selenium2Library">
<doc>Returns the text value of the element identified by ``locator``.</doc>
<arguments>
<arg>${DisplayedPrice}</arg>
</arguments>
<assign>
<var>${price}</var>
</assign>
<msg timestamp="20200905 18:11:45.109" level="INFO">${price} = ₹5,975</msg>
<status status="PASS" starttime="20200905 18:11:45.074" endtime="20200905 18:11:45.109"></status>
</kw>
<kw name="Get Substring" library="String">
<doc>Returns a substring from ``start`` index to ``end`` index.</doc>
<arguments>
<arg>${price}</arg>
<arg>1</arg>
</arguments>
<assign>
<var>${price}</var>
</assign>
<msg timestamp="20200905 18:11:45.109" level="INFO">${price} = 5,975</msg>
<status status="PASS" starttime="20200905 18:11:45.109" endtime="20200905 18:11:45.109"></status>
</kw>
<kw name="Remove String" library="String">
<doc>Removes all ``removables`` from the given ``string``.</doc>
<arguments>
<arg>${price}</arg>
<arg>,</arg>
</arguments>
<assign>
<var>${price}</var>
</assign>
<msg timestamp="20200905 18:11:45.110" level="INFO">${price} = 5975</msg>
<status status="PASS" starttime="20200905 18:11:45.110" endtime="20200905 18:11:45.110"></status>
</kw>
<kw name="Should Be True" library="BuiltIn">
<doc>Fails if the given condition is not true.</doc>
<arguments>
<arg>${miniPrice}&lt;=${price}</arg>
</arguments>
<status status="PASS" starttime="20200905 18:11:45.110" endtime="20200905 18:11:45.110"></status>
</kw>
<kw name="Should Be True" library="BuiltIn">
<doc>Fails if the given condition is not true.</doc>
<arguments>
<arg>${maxiPrice}&gt;=${price}</arg>
</arguments>
<status status="PASS" starttime="20200905 18:11:45.111" endtime="20200905 18:11:45.111"></status>
</kw>
<kw name="Replace String" library="String">
<doc>Replaces ``search_for`` in the given ``string`` with ``replace_with``.</doc>
<arguments>
<arg>${SingleFilteredResult}</arg>
<arg>${resultNumber}</arg>
<arg>NUM</arg>
</arguments>
<assign>
<var>${SingleFilteredResult}</var>
</assign>
<msg timestamp="20200905 18:11:45.111" level="INFO">${SingleFilteredResult} = css=div[class*="HmYoV"] div[class*="bhgxx"]:nth-child(NUM) a[class*="qSD"]</msg>
<status status="PASS" starttime="20200905 18:11:45.111" endtime="20200905 18:11:45.111"></status>
</kw>
<kw name="Replace String" library="String">
<doc>Replaces ``search_for`` in the given ``string`` with ``replace_with``.</doc>
<arguments>
<arg>${DisplayedPrice}</arg>
<arg>${resultNumber}</arg>
<arg>NUM</arg>
</arguments>
<assign>
<var>${DisplayedPrice}</var>
</assign>
<msg timestamp="20200905 18:11:45.112" level="INFO">${DisplayedPrice} = css=div[class*="HmYoV"] div[class*="bhgxx"]:nth-child(NUM) a[class*="qSD"] div[class*="rQ-NK"]</msg>
<status status="PASS" starttime="20200905 18:11:45.112" endtime="20200905 18:11:45.112"></status>
</kw>
<status status="PASS" starttime="20200905 18:11:45.072" endtime="20200905 18:11:45.112"></status>
</kw>
<kw name="${singleResultNum} = 7" type="foritem">
<kw name="Convert To String" library="BuiltIn">
<doc>Converts the given item to a Unicode string.</doc>
<arguments>
<arg>${singleResultNum}</arg>
</arguments>
<assign>
<var>${resultNumber}</var>
</assign>
<msg timestamp="20200905 18:11:45.113" level="INFO">${resultNumber} = 7</msg>
<status status="PASS" starttime="20200905 18:11:45.112" endtime="20200905 18:11:45.113"></status>
</kw>
<kw name="Replace String" library="String">
<doc>Replaces ``search_for`` in the given ``string`` with ``replace_with``.</doc>
<arguments>
<arg>${SingleFilteredResult}</arg>
<arg>NUM</arg>
<arg>${resultNumber}</arg>
</arguments>
<assign>
<var>${SingleFilteredResult}</var>
</assign>
<msg timestamp="20200905 18:11:45.113" level="INFO">${SingleFilteredResult} = css=div[class*="HmYoV"] div[class*="bhgxx"]:nth-child(7) a[class*="qSD"]</msg>
<status status="PASS" starttime="20200905 18:11:45.113" endtime="20200905 18:11:45.113"></status>
</kw>
<kw name="Replace String" library="String">
<doc>Replaces ``search_for`` in the given ``string`` with ``replace_with``.</doc>
<arguments>
<arg>${DisplayedPrice}</arg>
<arg>NUM</arg>
<arg>${resultNumber}</arg>
</arguments>
<assign>
<var>${DisplayedPrice}</var>
</assign>
<msg timestamp="20200905 18:11:45.114" level="INFO">${DisplayedPrice} = css=div[class*="HmYoV"] div[class*="bhgxx"]:nth-child(7) a[class*="qSD"] div[class*="rQ-NK"]</msg>
<status status="PASS" starttime="20200905 18:11:45.113" endtime="20200905 18:11:45.114"></status>
</kw>
<kw name="Get Text" library="Selenium2Library">
<doc>Returns the text value of the element identified by ``locator``.</doc>
<arguments>
<arg>${DisplayedPrice}</arg>
</arguments>
<assign>
<var>${price}</var>
</assign>
<msg timestamp="20200905 18:11:45.129" level="INFO">${price} = ₹6,996</msg>
<status status="PASS" starttime="20200905 18:11:45.114" endtime="20200905 18:11:45.130"></status>
</kw>
<kw name="Get Substring" library="String">
<doc>Returns a substring from ``start`` index to ``end`` index.</doc>
<arguments>
<arg>${price}</arg>
<arg>1</arg>
</arguments>
<assign>
<var>${price}</var>
</assign>
<msg timestamp="20200905 18:11:45.130" level="INFO">${price} = 6,996</msg>
<status status="PASS" starttime="20200905 18:11:45.130" endtime="20200905 18:11:45.130"></status>
</kw>
<kw name="Remove String" library="String">
<doc>Removes all ``removables`` from the given ``string``.</doc>
<arguments>
<arg>${price}</arg>
<arg>,</arg>
</arguments>
<assign>
<var>${price}</var>
</assign>
<msg timestamp="20200905 18:11:45.131" level="INFO">${price} = 6996</msg>
<status status="PASS" starttime="20200905 18:11:45.131" endtime="20200905 18:11:45.131"></status>
</kw>
<kw name="Should Be True" library="BuiltIn">
<doc>Fails if the given condition is not true.</doc>
<arguments>
<arg>${miniPrice}&lt;=${price}</arg>
</arguments>
<status status="PASS" starttime="20200905 18:11:45.131" endtime="20200905 18:11:45.132"></status>
</kw>
<kw name="Should Be True" library="BuiltIn">
<doc>Fails if the given condition is not true.</doc>
<arguments>
<arg>${maxiPrice}&gt;=${price}</arg>
</arguments>
<status status="PASS" starttime="20200905 18:11:45.132" endtime="20200905 18:11:45.133"></status>
</kw>
<kw name="Replace String" library="String">
<doc>Replaces ``search_for`` in the given ``string`` with ``replace_with``.</doc>
<arguments>
<arg>${SingleFilteredResult}</arg>
<arg>${resultNumber}</arg>
<arg>NUM</arg>
</arguments>
<assign>
<var>${SingleFilteredResult}</var>
</assign>
<msg timestamp="20200905 18:11:45.133" level="INFO">${SingleFilteredResult} = css=div[class*="HmYoV"] div[class*="bhgxx"]:nth-child(NUM) a[class*="qSD"]</msg>
<status status="PASS" starttime="20200905 18:11:45.133" endtime="20200905 18:11:45.133"></status>
</kw>
<kw name="Replace String" library="String">
<doc>Replaces ``search_for`` in the given ``string`` with ``replace_with``.</doc>
<arguments>
<arg>${DisplayedPrice}</arg>
<arg>${resultNumber}</arg>
<arg>NUM</arg>
</arguments>
<assign>
<var>${DisplayedPrice}</var>
</assign>
<msg timestamp="20200905 18:11:45.134" level="INFO">${DisplayedPrice} = css=div[class*="HmYoV"] div[class*="bhgxx"]:nth-child(NUM) a[class*="qSD"] div[class*="rQ-NK"]</msg>
<status status="PASS" starttime="20200905 18:11:45.134" endtime="20200905 18:11:45.134"></status>
</kw>
<status status="PASS" starttime="20200905 18:11:45.112" endtime="20200905 18:11:45.134"></status>
</kw>
<kw name="${singleResultNum} = 8" type="foritem">
<kw name="Convert To String" library="BuiltIn">
<doc>Converts the given item to a Unicode string.</doc>
<arguments>
<arg>${singleResultNum}</arg>
</arguments>
<assign>
<var>${resultNumber}</var>
</assign>
<msg timestamp="20200905 18:11:45.135" level="INFO">${resultNumber} = 8</msg>
<status status="PASS" starttime="20200905 18:11:45.134" endtime="20200905 18:11:45.135"></status>
</kw>
<kw name="Replace String" library="String">
<doc>Replaces ``search_for`` in the given ``string`` with ``replace_with``.</doc>
<arguments>
<arg>${SingleFilteredResult}</arg>
<arg>NUM</arg>
<arg>${resultNumber}</arg>
</arguments>
<assign>
<var>${SingleFilteredResult}</var>
</assign>
<msg timestamp="20200905 18:11:45.135" level="INFO">${SingleFilteredResult} = css=div[class*="HmYoV"] div[class*="bhgxx"]:nth-child(8) a[class*="qSD"]</msg>
<status status="PASS" starttime="20200905 18:11:45.135" endtime="20200905 18:11:45.135"></status>
</kw>
<kw name="Replace String" library="String">
<doc>Replaces ``search_for`` in the given ``string`` with ``replace_with``.</doc>
<arguments>
<arg>${DisplayedPrice}</arg>
<arg>NUM</arg>
<arg>${resultNumber}</arg>
</arguments>
<assign>
<var>${DisplayedPrice}</var>
</assign>
<msg timestamp="20200905 18:11:45.135" level="INFO">${DisplayedPrice} = css=div[class*="HmYoV"] div[class*="bhgxx"]:nth-child(8) a[class*="qSD"] div[class*="rQ-NK"]</msg>
<status status="PASS" starttime="20200905 18:11:45.135" endtime="20200905 18:11:45.136"></status>
</kw>
<kw name="Get Text" library="Selenium2Library">
<doc>Returns the text value of the element identified by ``locator``.</doc>
<arguments>
<arg>${DisplayedPrice}</arg>
</arguments>
<assign>
<var>${price}</var>
</assign>
<msg timestamp="20200905 18:11:45.151" level="INFO">${price} = ₹8,787</msg>
<status status="PASS" starttime="20200905 18:11:45.136" endtime="20200905 18:11:45.151"></status>
</kw>
<kw name="Get Substring" library="String">
<doc>Returns a substring from ``start`` index to ``end`` index.</doc>
<arguments>
<arg>${price}</arg>
<arg>1</arg>
</arguments>
<assign>
<var>${price}</var>
</assign>
<msg timestamp="20200905 18:11:45.151" level="INFO">${price} = 8,787</msg>
<status status="PASS" starttime="20200905 18:11:45.151" endtime="20200905 18:11:45.151"></status>
</kw>
<kw name="Remove String" library="String">
<doc>Removes all ``removables`` from the given ``string``.</doc>
<arguments>
<arg>${price}</arg>
<arg>,</arg>
</arguments>
<assign>
<var>${price}</var>
</assign>
<msg timestamp="20200905 18:11:45.152" level="INFO">${price} = 8787</msg>
<status status="PASS" starttime="20200905 18:11:45.151" endtime="20200905 18:11:45.152"></status>
</kw>
<kw name="Should Be True" library="BuiltIn">
<doc>Fails if the given condition is not true.</doc>
<arguments>
<arg>${miniPrice}&lt;=${price}</arg>
</arguments>
<status status="PASS" starttime="20200905 18:11:45.152" endtime="20200905 18:11:45.152"></status>
</kw>
<kw name="Should Be True" library="BuiltIn">
<doc>Fails if the given condition is not true.</doc>
<arguments>
<arg>${maxiPrice}&gt;=${price}</arg>
</arguments>
<status status="PASS" starttime="20200905 18:11:45.153" endtime="20200905 18:11:45.153"></status>
</kw>
<kw name="Replace String" library="String">
<doc>Replaces ``search_for`` in the given ``string`` with ``replace_with``.</doc>
<arguments>
<arg>${SingleFilteredResult}</arg>
<arg>${resultNumber}</arg>
<arg>NUM</arg>
</arguments>
<assign>
<var>${SingleFilteredResult}</var>
</assign>
<msg timestamp="20200905 18:11:45.153" level="INFO">${SingleFilteredResult} = css=div[class*="HmYoV"] div[class*="bhgxx"]:nth-child(NUM) a[class*="qSD"]</msg>
<status status="PASS" starttime="20200905 18:11:45.153" endtime="20200905 18:11:45.154"></status>
</kw>
<kw name="Replace String" library="String">
<doc>Replaces ``search_for`` in the given ``string`` with ``replace_with``.</doc>
<arguments>
<arg>${DisplayedPrice}</arg>
<arg>${resultNumber}</arg>
<arg>NUM</arg>
</arguments>
<assign>
<var>${DisplayedPrice}</var>
</assign>
<msg timestamp="20200905 18:11:45.154" level="INFO">${DisplayedPrice} = css=div[class*="HmYoV"] div[class*="bhgxx"]:nth-child(NUM) a[class*="qSD"] div[class*="rQ-NK"]</msg>
<status status="PASS" starttime="20200905 18:11:45.154" endtime="20200905 18:11:45.154"></status>
</kw>
<status status="PASS" starttime="20200905 18:11:45.134" endtime="20200905 18:11:45.154"></status>
</kw>
<kw name="${singleResultNum} = 9" type="foritem">
<kw name="Convert To String" library="BuiltIn">
<doc>Converts the given item to a Unicode string.</doc>
<arguments>
<arg>${singleResultNum}</arg>
</arguments>
<assign>
<var>${resultNumber}</var>
</assign>
<msg timestamp="20200905 18:11:45.155" level="INFO">${resultNumber} = 9</msg>
<status status="PASS" starttime="20200905 18:11:45.154" endtime="20200905 18:11:45.155"></status>
</kw>
<kw name="Replace String" library="String">
<doc>Replaces ``search_for`` in the given ``string`` with ``replace_with``.</doc>
<arguments>
<arg>${SingleFilteredResult}</arg>
<arg>NUM</arg>
<arg>${resultNumber}</arg>
</arguments>
<assign>
<var>${SingleFilteredResult}</var>
</assign>
<msg timestamp="20200905 18:11:45.155" level="INFO">${SingleFilteredResult} = css=div[class*="HmYoV"] div[class*="bhgxx"]:nth-child(9) a[class*="qSD"]</msg>
<status status="PASS" starttime="20200905 18:11:45.155" endtime="20200905 18:11:45.155"></status>
</kw>
<kw name="Replace String" library="String">
<doc>Replaces ``search_for`` in the given ``string`` with ``replace_with``.</doc>
<arguments>
<arg>${DisplayedPrice}</arg>
<arg>NUM</arg>
<arg>${resultNumber}</arg>
</arguments>
<assign>
<var>${DisplayedPrice}</var>
</assign>
<msg timestamp="20200905 18:11:45.156" level="INFO">${DisplayedPrice} = css=div[class*="HmYoV"] div[class*="bhgxx"]:nth-child(9) a[class*="qSD"] div[class*="rQ-NK"]</msg>
<status status="PASS" starttime="20200905 18:11:45.155" endtime="20200905 18:11:45.156"></status>
</kw>
<kw name="Get Text" library="Selenium2Library">
<doc>Returns the text value of the element identified by ``locator``.</doc>
<arguments>
<arg>${DisplayedPrice}</arg>
</arguments>
<assign>
<var>${price}</var>
</assign>
<msg timestamp="20200905 18:11:45.169" level="INFO">${price} = ₹8,880</msg>
<status status="PASS" starttime="20200905 18:11:45.156" endtime="20200905 18:11:45.169"></status>
</kw>
<kw name="Get Substring" library="String">
<doc>Returns a substring from ``start`` index to ``end`` index.</doc>
<arguments>
<arg>${price}</arg>
<arg>1</arg>
</arguments>
<assign>
<var>${price}</var>
</assign>
<msg timestamp="20200905 18:11:45.169" level="INFO">${price} = 8,880</msg>
<status status="PASS" starttime="20200905 18:11:45.169" endtime="20200905 18:11:45.170"></status>
</kw>
<kw name="Remove String" library="String">
<doc>Removes all ``removables`` from the given ``string``.</doc>
<arguments>
<arg>${price}</arg>
<arg>,</arg>
</arguments>
<assign>
<var>${price}</var>
</assign>
<msg timestamp="20200905 18:11:45.170" level="INFO">${price} = 8880</msg>
<status status="PASS" starttime="20200905 18:11:45.170" endtime="20200905 18:11:45.170"></status>
</kw>
<kw name="Should Be True" library="BuiltIn">
<doc>Fails if the given condition is not true.</doc>
<arguments>
<arg>${miniPrice}&lt;=${price}</arg>
</arguments>
<status status="PASS" starttime="20200905 18:11:45.170" endtime="20200905 18:11:45.171"></status>
</kw>
<kw name="Should Be True" library="BuiltIn">
<doc>Fails if the given condition is not true.</doc>
<arguments>
<arg>${maxiPrice}&gt;=${price}</arg>
</arguments>
<status status="PASS" starttime="20200905 18:11:45.171" endtime="20200905 18:11:45.171"></status>
</kw>
<kw name="Replace String" library="String">
<doc>Replaces ``search_for`` in the given ``string`` with ``replace_with``.</doc>
<arguments>
<arg>${SingleFilteredResult}</arg>
<arg>${resultNumber}</arg>
<arg>NUM</arg>
</arguments>
<assign>
<var>${SingleFilteredResult}</var>
</assign>
<msg timestamp="20200905 18:11:45.172" level="INFO">${SingleFilteredResult} = css=div[class*="HmYoV"] div[class*="bhgxx"]:nth-child(NUM) a[class*="qSD"]</msg>
<status status="PASS" starttime="20200905 18:11:45.171" endtime="20200905 18:11:45.172"></status>
</kw>
<kw name="Replace String" library="String">
<doc>Replaces ``search_for`` in the given ``string`` with ``replace_with``.</doc>
<arguments>
<arg>${DisplayedPrice}</arg>
<arg>${resultNumber}</arg>
<arg>NUM</arg>
</arguments>
<assign>
<var>${DisplayedPrice}</var>
</assign>
<msg timestamp="20200905 18:11:45.172" level="INFO">${DisplayedPrice} = css=div[class*="HmYoV"] div[class*="bhgxx"]:nth-child(NUM) a[class*="qSD"] div[class*="rQ-NK"]</msg>
<status status="PASS" starttime="20200905 18:11:45.172" endtime="20200905 18:11:45.172"></status>
</kw>
<status status="PASS" starttime="20200905 18:11:45.154" endtime="20200905 18:11:45.172"></status>
</kw>
<kw name="${singleResultNum} = 10" type="foritem">
<kw name="Convert To String" library="BuiltIn">
<doc>Converts the given item to a Unicode string.</doc>
<arguments>
<arg>${singleResultNum}</arg>
</arguments>
<assign>
<var>${resultNumber}</var>
</assign>
<msg timestamp="20200905 18:11:45.173" level="INFO">${resultNumber} = 10</msg>
<status status="PASS" starttime="20200905 18:11:45.172" endtime="20200905 18:11:45.173"></status>
</kw>
<kw name="Replace String" library="String">
<doc>Replaces ``search_for`` in the given ``string`` with ``replace_with``.</doc>
<arguments>
<arg>${SingleFilteredResult}</arg>
<arg>NUM</arg>
<arg>${resultNumber}</arg>
</arguments>
<assign>
<var>${SingleFilteredResult}</var>
</assign>
<msg timestamp="20200905 18:11:45.173" level="INFO">${SingleFilteredResult} = css=div[class*="HmYoV"] div[class*="bhgxx"]:nth-child(10) a[class*="qSD"]</msg>
<status status="PASS" starttime="20200905 18:11:45.173" endtime="20200905 18:11:45.173"></status>
</kw>
<kw name="Replace String" library="String">
<doc>Replaces ``search_for`` in the given ``string`` with ``replace_with``.</doc>
<arguments>
<arg>${DisplayedPrice}</arg>
<arg>NUM</arg>
<arg>${resultNumber}</arg>
</arguments>
<assign>
<var>${DisplayedPrice}</var>
</assign>
<msg timestamp="20200905 18:11:45.174" level="INFO">${DisplayedPrice} = css=div[class*="HmYoV"] div[class*="bhgxx"]:nth-child(10) a[class*="qSD"] div[class*="rQ-NK"]</msg>
<status status="PASS" starttime="20200905 18:11:45.173" endtime="20200905 18:11:45.174"></status>
</kw>
<kw name="Get Text" library="Selenium2Library">
<doc>Returns the text value of the element identified by ``locator``.</doc>
<arguments>
<arg>${DisplayedPrice}</arg>
</arguments>
<assign>
<var>${price}</var>
</assign>
<msg timestamp="20200905 18:11:45.187" level="INFO">${price} = ₹9,080</msg>
<status status="PASS" starttime="20200905 18:11:45.174" endtime="20200905 18:11:45.187"></status>
</kw>
<kw name="Get Substring" library="String">
<doc>Returns a substring from ``start`` index to ``end`` index.</doc>
<arguments>
<arg>${price}</arg>
<arg>1</arg>
</arguments>
<assign>
<var>${price}</var>
</assign>
<msg timestamp="20200905 18:11:45.188" level="INFO">${price} = 9,080</msg>
<status status="PASS" starttime="20200905 18:11:45.187" endtime="20200905 18:11:45.188"></status>
</kw>
<kw name="Remove String" library="String">
<doc>Removes all ``removables`` from the given ``string``.</doc>
<arguments>
<arg>${price}</arg>
<arg>,</arg>
</arguments>
<assign>
<var>${price}</var>
</assign>
<msg timestamp="20200905 18:11:45.188" level="INFO">${price} = 9080</msg>
<status status="PASS" starttime="20200905 18:11:45.188" endtime="20200905 18:11:45.188"></status>
</kw>
<kw name="Should Be True" library="BuiltIn">
<doc>Fails if the given condition is not true.</doc>
<arguments>
<arg>${miniPrice}&lt;=${price}</arg>
</arguments>
<status status="PASS" starttime="20200905 18:11:45.188" endtime="20200905 18:11:45.189"></status>
</kw>
<kw name="Should Be True" library="BuiltIn">
<doc>Fails if the given condition is not true.</doc>
<arguments>
<arg>${maxiPrice}&gt;=${price}</arg>
</arguments>
<status status="PASS" starttime="20200905 18:11:45.189" endtime="20200905 18:11:45.189"></status>
</kw>
<kw name="Replace String" library="String">
<doc>Replaces ``search_for`` in the given ``string`` with ``replace_with``.</doc>
<arguments>
<arg>${SingleFilteredResult}</arg>
<arg>${resultNumber}</arg>
<arg>NUM</arg>
</arguments>
<assign>
<var>${SingleFilteredResult}</var>
</assign>
<msg timestamp="20200905 18:11:45.190" level="INFO">${SingleFilteredResult} = css=div[class*="HmYoV"] div[class*="bhgxx"]:nth-child(NUM) a[class*="qSD"]</msg>
<status status="PASS" starttime="20200905 18:11:45.190" endtime="20200905 18:11:45.190"></status>
</kw>
<kw name="Replace String" library="String">
<doc>Replaces ``search_for`` in the given ``string`` with ``replace_with``.</doc>
<arguments>
<arg>${DisplayedPrice}</arg>
<arg>${resultNumber}</arg>
<arg>NUM</arg>
</arguments>
<assign>
<var>${DisplayedPrice}</var>
</assign>
<msg timestamp="20200905 18:11:45.191" level="INFO">${DisplayedPrice} = css=div[class*="HmYoV"] div[class*="bhgxx"]:nth-child(NUM) a[class*="qSD"] div[class*="rQ-NK"]</msg>
<status status="PASS" starttime="20200905 18:11:45.190" endtime="20200905 18:11:45.191"></status>
</kw>
<status status="PASS" starttime="20200905 18:11:45.172" endtime="20200905 18:11:45.191"></status>
</kw>
<kw name="${singleResultNum} = 11" type="foritem">
<kw name="Convert To String" library="BuiltIn">
<doc>Converts the given item to a Unicode string.</doc>
<arguments>
<arg>${singleResultNum}</arg>
</arguments>
<assign>
<var>${resultNumber}</var>
</assign>
<msg timestamp="20200905 18:11:45.191" level="INFO">${resultNumber} = 11</msg>
<status status="PASS" starttime="20200905 18:11:45.191" endtime="20200905 18:11:45.191"></status>
</kw>
<kw name="Replace String" library="String">
<doc>Replaces ``search_for`` in the given ``string`` with ``replace_with``.</doc>
<arguments>
<arg>${SingleFilteredResult}</arg>
<arg>NUM</arg>
<arg>${resultNumber}</arg>
</arguments>
<assign>
<var>${SingleFilteredResult}</var>
</assign>
<msg timestamp="20200905 18:11:45.192" level="INFO">${SingleFilteredResult} = css=div[class*="HmYoV"] div[class*="bhgxx"]:nth-child(11) a[class*="qSD"]</msg>
<status status="PASS" starttime="20200905 18:11:45.192" endtime="20200905 18:11:45.192"></status>
</kw>
<kw name="Replace String" library="String">
<doc>Replaces ``search_for`` in the given ``string`` with ``replace_with``.</doc>
<arguments>
<arg>${DisplayedPrice}</arg>
<arg>NUM</arg>
<arg>${resultNumber}</arg>
</arguments>
<assign>
<var>${DisplayedPrice}</var>
</assign>
<msg timestamp="20200905 18:11:45.192" level="INFO">${DisplayedPrice} = css=div[class*="HmYoV"] div[class*="bhgxx"]:nth-child(11) a[class*="qSD"] div[class*="rQ-NK"]</msg>
<status status="PASS" starttime="20200905 18:11:45.192" endtime="20200905 18:11:45.192"></status>
</kw>
<kw name="Get Text" library="Selenium2Library">
<doc>Returns the text value of the element identified by ``locator``.</doc>
<arguments>
<arg>${DisplayedPrice}</arg>
</arguments>
<assign>
<var>${price}</var>
</assign>
<msg timestamp="20200905 18:11:45.217" level="INFO">${price} = ₹6,999</msg>
<status status="PASS" starttime="20200905 18:11:45.193" endtime="20200905 18:11:45.217"></status>
</kw>
<kw name="Get Substring" library="String">
<doc>Returns a substring from ``start`` index to ``end`` index.</doc>
<arguments>
<arg>${price}</arg>
<arg>1</arg>
</arguments>
<assign>
<var>${price}</var>
</assign>
<msg timestamp="20200905 18:11:45.217" level="INFO">${price} = 6,999</msg>
<status status="PASS" starttime="20200905 18:11:45.217" endtime="20200905 18:11:45.217"></status>
</kw>
<kw name="Remove String" library="String">
<doc>Removes all ``removables`` from the given ``string``.</doc>
<arguments>
<arg>${price}</arg>
<arg>,</arg>
</arguments>
<assign>
<var>${price}</var>
</assign>
<msg timestamp="20200905 18:11:45.218" level="INFO">${price} = 6999</msg>
<status status="PASS" starttime="20200905 18:11:45.217" endtime="20200905 18:11:45.218"></status>
</kw>
<kw name="Should Be True" library="BuiltIn">
<doc>Fails if the given condition is not true.</doc>
<arguments>
<arg>${miniPrice}&lt;=${price}</arg>
</arguments>
<status status="PASS" starttime="20200905 18:11:45.218" endtime="20200905 18:11:45.218"></status>
</kw>
<kw name="Should Be True" library="BuiltIn">
<doc>Fails if the given condition is not true.</doc>
<arguments>
<arg>${maxiPrice}&gt;=${price}</arg>
</arguments>
<status status="PASS" starttime="20200905 18:11:45.218" endtime="20200905 18:11:45.219"></status>
</kw>
<kw name="Replace String" library="String">
<doc>Replaces ``search_for`` in the given ``string`` with ``replace_with``.</doc>
<arguments>
<arg>${SingleFilteredResult}</arg>
<arg>${resultNumber}</arg>
<arg>NUM</arg>
</arguments>
<assign>
<var>${SingleFilteredResult}</var>
</assign>
<msg timestamp="20200905 18:11:45.219" level="INFO">${SingleFilteredResult} = css=div[class*="HmYoV"] div[class*="bhgxx"]:nth-child(NUM) a[class*="qSD"]</msg>
<status status="PASS" starttime="20200905 18:11:45.219" endtime="20200905 18:11:45.219"></status>
</kw>
<kw name="Replace String" library="String">
<doc>Replaces ``search_for`` in the given ``string`` with ``replace_with``.</doc>
<arguments>
<arg>${DisplayedPrice}</arg>
<arg>${resultNumber}</arg>
<arg>NUM</arg>
</arguments>
<assign>
<var>${DisplayedPrice}</var>
</assign>
<msg timestamp="20200905 18:11:45.219" level="INFO">${DisplayedPrice} = css=div[class*="HmYoV"] div[class*="bhgxx"]:nth-child(NUM) a[class*="qSD"] div[class*="rQ-NK"]</msg>
<status status="PASS" starttime="20200905 18:11:45.219" endtime="20200905 18:11:45.220"></status>
</kw>
<status status="PASS" starttime="20200905 18:11:45.191" endtime="20200905 18:11:45.220"></status>
</kw>
<kw name="${singleResultNum} = 12" type="foritem">
<kw name="Convert To String" library="BuiltIn">
<doc>Converts the given item to a Unicode string.</doc>
<arguments>
<arg>${singleResultNum}</arg>
</arguments>
<assign>
<var>${resultNumber}</var>
</assign>
<msg timestamp="20200905 18:11:45.220" level="INFO">${resultNumber} = 12</msg>
<status status="PASS" starttime="20200905 18:11:45.220" endtime="20200905 18:11:45.220"></status>
</kw>
<kw name="Replace String" library="String">
<doc>Replaces ``search_for`` in the given ``string`` with ``replace_with``.</doc>
<arguments>
<arg>${SingleFilteredResult}</arg>
<arg>NUM</arg>
<arg>${resultNumber}</arg>
</arguments>
<assign>
<var>${SingleFilteredResult}</var>
</assign>
<msg timestamp="20200905 18:11:45.221" level="INFO">${SingleFilteredResult} = css=div[class*="HmYoV"] div[class*="bhgxx"]:nth-child(12) a[class*="qSD"]</msg>
<status status="PASS" starttime="20200905 18:11:45.220" endtime="20200905 18:11:45.221"></status>
</kw>
<kw name="Replace String" library="String">
<doc>Replaces ``search_for`` in the given ``string`` with ``replace_with``.</doc>
<arguments>
<arg>${DisplayedPrice}</arg>
<arg>NUM</arg>
<arg>${resultNumber}</arg>
</arguments>
<assign>
<var>${DisplayedPrice}</var>
</assign>
<msg timestamp="20200905 18:11:45.221" level="INFO">${DisplayedPrice} = css=div[class*="HmYoV"] div[class*="bhgxx"]:nth-child(12) a[class*="qSD"] div[class*="rQ-NK"]</msg>
<status status="PASS" starttime="20200905 18:11:45.221" endtime="20200905 18:11:45.221"></status>
</kw>
<kw name="Get Text" library="Selenium2Library">
<doc>Returns the text value of the element identified by ``locator``.</doc>
<arguments>
<arg>${DisplayedPrice}</arg>
</arguments>
<assign>
<var>${price}</var>
</assign>
<msg timestamp="20200905 18:11:45.235" level="INFO">${price} = ₹6,780</msg>
<status status="PASS" starttime="20200905 18:11:45.221" endtime="20200905 18:11:45.235"></status>
</kw>
<kw name="Get Substring" library="String">
<doc>Returns a substring from ``start`` index to ``end`` index.</doc>
<arguments>
<arg>${price}</arg>
<arg>1</arg>
</arguments>
<assign>
<var>${price}</var>
</assign>
<msg timestamp="20200905 18:11:45.236" level="INFO">${price} = 6,780</msg>
<status status="PASS" starttime="20200905 18:11:45.235" endtime="20200905 18:11:45.236"></status>
</kw>
<kw name="Remove String" library="String">
<doc>Removes all ``removables`` from the given ``string``.</doc>
<arguments>
<arg>${price}</arg>
<arg>,</arg>
</arguments>
<assign>
<var>${price}</var>
</assign>
<msg timestamp="20200905 18:11:45.236" level="INFO">${price} = 6780</msg>
<status status="PASS" starttime="20200905 18:11:45.236" endtime="20200905 18:11:45.236"></status>
</kw>
<kw name="Should Be True" library="BuiltIn">
<doc>Fails if the given condition is not true.</doc>
<arguments>
<arg>${miniPrice}&lt;=${price}</arg>
</arguments>
<status status="PASS" starttime="20200905 18:11:45.236" endtime="20200905 18:11:45.237"></status>
</kw>
<kw name="Should Be True" library="BuiltIn">
<doc>Fails if the given condition is not true.</doc>
<arguments>
<arg>${maxiPrice}&gt;=${price}</arg>
</arguments>
<status status="PASS" starttime="20200905 18:11:45.237" endtime="20200905 18:11:45.237"></status>
</kw>
<kw name="Replace String" library="String">
<doc>Replaces ``search_for`` in the given ``string`` with ``replace_with``.</doc>
<arguments>
<arg>${SingleFilteredResult}</arg>
<arg>${resultNumber}</arg>
<arg>NUM</arg>
</arguments>
<assign>
<var>${SingleFilteredResult}</var>
</assign>
<msg timestamp="20200905 18:11:45.238" level="INFO">${SingleFilteredResult} = css=div[class*="HmYoV"] div[class*="bhgxx"]:nth-child(NUM) a[class*="qSD"]</msg>
<status status="PASS" starttime="20200905 18:11:45.237" endtime="20200905 18:11:45.238"></status>
</kw>
<kw name="Replace String" library="String">
<doc>Replaces ``search_for`` in the given ``string`` with ``replace_with``.</doc>
<arguments>
<arg>${DisplayedPrice}</arg>
<arg>${resultNumber}</arg>
<arg>NUM</arg>
</arguments>
<assign>
<var>${DisplayedPrice}</var>
</assign>
<msg timestamp="20200905 18:11:45.238" level="INFO">${DisplayedPrice} = css=div[class*="HmYoV"] div[class*="bhgxx"]:nth-child(NUM) a[class*="qSD"] div[class*="rQ-NK"]</msg>
<status status="PASS" starttime="20200905 18:11:45.238" endtime="20200905 18:11:45.238"></status>
</kw>
<status status="PASS" starttime="20200905 18:11:45.220" endtime="20200905 18:11:45.238"></status>
</kw>
<kw name="${singleResultNum} = 13" type="foritem">
<kw name="Convert To String" library="BuiltIn">
<doc>Converts the given item to a Unicode string.</doc>
<arguments>
<arg>${singleResultNum}</arg>
</arguments>
<assign>
<var>${resultNumber}</var>
</assign>
<msg timestamp="20200905 18:11:45.239" level="INFO">${resultNumber} = 13</msg>
<status status="PASS" starttime="20200905 18:11:45.238" endtime="20200905 18:11:45.239"></status>
</kw>
<kw name="Replace String" library="String">
<doc>Replaces ``search_for`` in the given ``string`` with ``replace_with``.</doc>
<arguments>
<arg>${SingleFilteredResult}</arg>
<arg>NUM</arg>
<arg>${resultNumber}</arg>
</arguments>
<assign>
<var>${SingleFilteredResult}</var>
</assign>
<msg timestamp="20200905 18:11:45.239" level="INFO">${SingleFilteredResult} = css=div[class*="HmYoV"] div[class*="bhgxx"]:nth-child(13) a[class*="qSD"]</msg>
<status status="PASS" starttime="20200905 18:11:45.239" endtime="20200905 18:11:45.239"></status>
</kw>
<kw name="Replace String" library="String">
<doc>Replaces ``search_for`` in the given ``string`` with ``replace_with``.</doc>
<arguments>
<arg>${DisplayedPrice}</arg>
<arg>NUM</arg>
<arg>${resultNumber}</arg>
</arguments>
<assign>
<var>${DisplayedPrice}</var>
</assign>
<msg timestamp="20200905 18:11:45.240" level="INFO">${DisplayedPrice} = css=div[class*="HmYoV"] div[class*="bhgxx"]:nth-child(13) a[class*="qSD"] div[class*="rQ-NK"]</msg>
<status status="PASS" starttime="20200905 18:11:45.239" endtime="20200905 18:11:45.240"></status>
</kw>
<kw name="Get Text" library="Selenium2Library">
<doc>Returns the text value of the element identified by ``locator``.</doc>
<arguments>
<arg>${DisplayedPrice}</arg>
</arguments>
<assign>
<var>${price}</var>
</assign>
<msg timestamp="20200905 18:11:45.253" level="INFO">${price} = ₹10,000</msg>
<status status="PASS" starttime="20200905 18:11:45.240" endtime="20200905 18:11:45.253"></status>
</kw>
<kw name="Get Substring" library="String">
<doc>Returns a substring from ``start`` index to ``end`` index.</doc>
<arguments>
<arg>${price}</arg>
<arg>1</arg>
</arguments>
<assign>
<var>${price}</var>
</assign>
<msg timestamp="20200905 18:11:45.253" level="INFO">${price} = 10,000</msg>
<status status="PASS" starttime="20200905 18:11:45.253" endtime="20200905 18:11:45.253"></status>
</kw>
<kw name="Remove String" library="String">
<doc>Removes all ``removables`` from the given ``string``.</doc>
<arguments>
<arg>${price}</arg>
<arg>,</arg>
</arguments>
<assign>
<var>${price}</var>
</assign>
<msg timestamp="20200905 18:11:45.254" level="INFO">${price} = 10000</msg>
<status status="PASS" starttime="20200905 18:11:45.253" endtime="20200905 18:11:45.254"></status>
</kw>
<kw name="Should Be True" library="BuiltIn">
<doc>Fails if the given condition is not true.</doc>
<arguments>
<arg>${miniPrice}&lt;=${price}</arg>
</arguments>
<status status="PASS" starttime="20200905 18:11:45.254" endtime="20200905 18:11:45.254"></status>
</kw>
<kw name="Should Be True" library="BuiltIn">
<doc>Fails if the given condition is not true.</doc>
<arguments>
<arg>${maxiPrice}&gt;=${price}</arg>
</arguments>
<status status="PASS" starttime="20200905 18:11:45.254" endtime="20200905 18:11:45.255"></status>
</kw>
<kw name="Replace String" library="String">
<doc>Replaces ``search_for`` in the given ``string`` with ``replace_with``.</doc>
<arguments>
<arg>${SingleFilteredResult}</arg>
<arg>${resultNumber}</arg>
<arg>NUM</arg>
</arguments>
<assign>
<var>${SingleFilteredResult}</var>
</assign>
<msg timestamp="20200905 18:11:45.255" level="INFO">${SingleFilteredResult} = css=div[class*="HmYoV"] div[class*="bhgxx"]:nth-child(NUM) a[class*="qSD"]</msg>
<status status="PASS" starttime="20200905 18:11:45.255" endtime="20200905 18:11:45.255"></status>
</kw>
<kw name="Replace String" library="String">
<doc>Replaces ``search_for`` in the given ``string`` with ``replace_with``.</doc>
<arguments>
<arg>${DisplayedPrice}</arg>
<arg>${resultNumber}</arg>
<arg>NUM</arg>
</arguments>
<assign>
<var>${DisplayedPrice}</var>
</assign>
<msg timestamp="20200905 18:11:45.256" level="INFO">${DisplayedPrice} = css=div[class*="HmYoV"] div[class*="bhgxx"]:nth-child(NUM) a[class*="qSD"] div[class*="rQ-NK"]</msg>
<status status="PASS" starttime="20200905 18:11:45.255" endtime="20200905 18:11:45.256"></status>
</kw>
<status status="PASS" starttime="20200905 18:11:45.238" endtime="20200905 18:11:45.256"></status>
</kw>
<kw name="${singleResultNum} = 14" type="foritem">
<kw name="Convert To String" library="BuiltIn">
<doc>Converts the given item to a Unicode string.</doc>
<arguments>
<arg>${singleResultNum}</arg>
</arguments>
<assign>
<var>${resultNumber}</var>
</assign>
<msg timestamp="20200905 18:11:45.256" level="INFO">${resultNumber} = 14</msg>
<status status="PASS" starttime="20200905 18:11:45.256" endtime="20200905 18:11:45.256"></status>
</kw>
<kw name="Replace String" library="String">
<doc>Replaces ``search_for`` in the given ``string`` with ``replace_with``.</doc>
<arguments>
<arg>${SingleFilteredResult}</arg>
<arg>NUM</arg>
<arg>${resultNumber}</arg>
</arguments>
<assign>
<var>${SingleFilteredResult}</var>
</assign>
<msg timestamp="20200905 18:11:45.257" level="INFO">${SingleFilteredResult} = css=div[class*="HmYoV"] div[class*="bhgxx"]:nth-child(14) a[class*="qSD"]</msg>
<status status="PASS" starttime="20200905 18:11:45.256" endtime="20200905 18:11:45.257"></status>
</kw>
<kw name="Replace String" library="String">
<doc>Replaces ``search_for`` in the given ``string`` with ``replace_with``.</doc>
<arguments>
<arg>${DisplayedPrice}</arg>
<arg>NUM</arg>
<arg>${resultNumber}</arg>
</arguments>
<assign>
<var>${DisplayedPrice}</var>
</assign>
<msg timestamp="20200905 18:11:45.257" level="INFO">${DisplayedPrice} = css=div[class*="HmYoV"] div[class*="bhgxx"]:nth-child(14) a[class*="qSD"] div[class*="rQ-NK"]</msg>
<status status="PASS" starttime="20200905 18:11:45.257" endtime="20200905 18:11:45.257"></status>
</kw>
<kw name="Get Text" library="Selenium2Library">
<doc>Returns the text value of the element identified by ``locator``.</doc>
<arguments>
<arg>${DisplayedPrice}</arg>
</arguments>
<assign>
<var>${price}</var>
</assign>
<msg timestamp="20200905 18:11:45.272" level="INFO">${price} = ₹9,999</msg>
<status status="PASS" starttime="20200905 18:11:45.257" endtime="20200905 18:11:45.272"></status>
</kw>
<kw name="Get Substring" library="String">
<doc>Returns a substring from ``start`` index to ``end`` index.</doc>
<arguments>
<arg>${price}</arg>
<arg>1</arg>
</arguments>
<assign>
<var>${price}</var>
</assign>
<msg timestamp="20200905 18:11:45.273" level="INFO">${price} = 9,999</msg>
<status status="PASS" starttime="20200905 18:11:45.272" endtime="20200905 18:11:45.273"></status>
</kw>
<kw name="Remove String" library="String">
<doc>Removes all ``removables`` from the given ``string``.</doc>
<arguments>
<arg>${price}</arg>
<arg>,</arg>
</arguments>
<assign>
<var>${price}</var>
</assign>
<msg timestamp="20200905 18:11:45.273" level="INFO">${price} = 9999</msg>
<status status="PASS" starttime="20200905 18:11:45.273" endtime="20200905 18:11:45.273"></status>
</kw>
<kw name="Should Be True" library="BuiltIn">
<doc>Fails if the given condition is not true.</doc>
<arguments>
<arg>${miniPrice}&lt;=${price}</arg>
</arguments>
<status status="PASS" starttime="20200905 18:11:45.273" endtime="20200905 18:11:45.274"></status>
</kw>
<kw name="Should Be True" library="BuiltIn">
<doc>Fails if the given condition is not true.</doc>
<arguments>
<arg>${maxiPrice}&gt;=${price}</arg>
</arguments>
<status status="PASS" starttime="20200905 18:11:45.274" endtime="20200905 18:11:45.274"></status>
</kw>
<kw name="Replace String" library="String">
<doc>Replaces ``search_for`` in the given ``string`` with ``replace_with``.</doc>
<arguments>
<arg>${SingleFilteredResult}</arg>
<arg>${resultNumber}</arg>
<arg>NUM</arg>
</arguments>
<assign>
<var>${SingleFilteredResult}</var>
</assign>
<msg timestamp="20200905 18:11:45.275" level="INFO">${SingleFilteredResult} = css=div[class*="HmYoV"] div[class*="bhgxx"]:nth-child(NUM) a[class*="qSD"]</msg>
<status status="PASS" starttime="20200905 18:11:45.274" endtime="20200905 18:11:45.275"></status>
</kw>
<kw name="Replace String" library="String">
<doc>Replaces ``search_for`` in the given ``string`` with ``replace_with``.</doc>
<arguments>
<arg>${DisplayedPrice}</arg>
<arg>${resultNumber}</arg>
<arg>NUM</arg>
</arguments>
<assign>
<var>${DisplayedPrice}</var>
</assign>
<msg timestamp="20200905 18:11:45.275" level="INFO">${DisplayedPrice} = css=div[class*="HmYoV"] div[class*="bhgxx"]:nth-child(NUM) a[class*="qSD"] div[class*="rQ-NK"]</msg>
<status status="PASS" starttime="20200905 18:11:45.275" endtime="20200905 18:11:45.275"></status>
</kw>
<status status="PASS" starttime="20200905 18:11:45.256" endtime="20200905 18:11:45.275"></status>
</kw>
<kw name="${singleResultNum} = 15" type="foritem">
<kw name="Convert To String" library="BuiltIn">
<doc>Converts the given item to a Unicode string.</doc>
<arguments>
<arg>${singleResultNum}</arg>
</arguments>
<assign>
<var>${resultNumber}</var>
</assign>
<msg timestamp="20200905 18:11:45.276" level="INFO">${resultNumber} = 15</msg>
<status status="PASS" starttime="20200905 18:11:45.275" endtime="20200905 18:11:45.276"></status>
</kw>
<kw name="Replace String" library="String">
<doc>Replaces ``search_for`` in the given ``string`` with ``replace_with``.</doc>
<arguments>
<arg>${SingleFilteredResult}</arg>
<arg>NUM</arg>
<arg>${resultNumber}</arg>
</arguments>
<assign>
<var>${SingleFilteredResult}</var>
</assign>
<msg timestamp="20200905 18:11:45.276" level="INFO">${SingleFilteredResult} = css=div[class*="HmYoV"] div[class*="bhgxx"]:nth-child(15) a[class*="qSD"]</msg>
<status status="PASS" starttime="20200905 18:11:45.276" endtime="20200905 18:11:45.276"></status>
</kw>
<kw name="Replace String" library="String">
<doc>Replaces ``search_for`` in the given ``string`` with ``replace_with``.</doc>
<arguments>
<arg>${DisplayedPrice}</arg>
<arg>NUM</arg>
<arg>${resultNumber}</arg>
</arguments>
<assign>
<var>${DisplayedPrice}</var>
</assign>
<msg timestamp="20200905 18:11:45.276" level="INFO">${DisplayedPrice} = css=div[class*="HmYoV"] div[class*="bhgxx"]:nth-child(15) a[class*="qSD"] div[class*="rQ-NK"]</msg>
<status status="PASS" starttime="20200905 18:11:45.276" endtime="20200905 18:11:45.277"></status>
</kw>
<kw name="Get Text" library="Selenium2Library">
<doc>Returns the text value of the element identified by ``locator``.</doc>
<arguments>
<arg>${DisplayedPrice}</arg>
</arguments>
<assign>
<var>${price}</var>
</assign>
<msg timestamp="20200905 18:11:45.292" level="INFO">${price} = ₹8,700</msg>
<status status="PASS" starttime="20200905 18:11:45.277" endtime="20200905 18:11:45.292"></status>
</kw>
<kw name="Get Substring" library="String">
<doc>Returns a substring from ``start`` index to ``end`` index.</doc>
<arguments>
<arg>${price}</arg>
<arg>1</arg>
</arguments>
<assign>
<var>${price}</var>
</assign>
<msg timestamp="20200905 18:11:45.293" level="INFO">${price} = 8,700</msg>
<status status="PASS" starttime="20200905 18:11:45.293" endtime="20200905 18:11:45.293"></status>
</kw>
<kw name="Remove String" library="String">
<doc>Removes all ``removables`` from the given ``string``.</doc>
<arguments>
<arg>${price}</arg>
<arg>,</arg>
</arguments>
<assign>
<var>${price}</var>
</assign>
<msg timestamp="20200905 18:11:45.293" level="INFO">${price} = 8700</msg>
<status status="PASS" starttime="20200905 18:11:45.293" endtime="20200905 18:11:45.293"></status>
</kw>
<kw name="Should Be True" library="BuiltIn">
<doc>Fails if the given condition is not true.</doc>
<arguments>
<arg>${miniPrice}&lt;=${price}</arg>
</arguments>
<status status="PASS" starttime="20200905 18:11:45.294" endtime="20200905 18:11:45.294"></status>
</kw>
<kw name="Should Be True" library="BuiltIn">
<doc>Fails if the given condition is not true.</doc>
<arguments>
<arg>${maxiPrice}&gt;=${price}</arg>
</arguments>
<status status="PASS" starttime="20200905 18:11:45.294" endtime="20200905 18:11:45.294"></status>
</kw>
<kw name="Replace String" library="String">
<doc>Replaces ``search_for`` in the given ``string`` with ``replace_with``.</doc>
<arguments>
<arg>${SingleFilteredResult}</arg>
<arg>${resultNumber}</arg>
<arg>NUM</arg>
</arguments>
<assign>
<var>${SingleFilteredResult}</var>
</assign>
<msg timestamp="20200905 18:11:45.295" level="INFO">${SingleFilteredResult} = css=div[class*="HmYoV"] div[class*="bhgxx"]:nth-child(NUM) a[class*="qSD"]</msg>
<status status="PASS" starttime="20200905 18:11:45.294" endtime="20200905 18:11:45.295"></status>
</kw>
<kw name="Replace String" library="String">
<doc>Replaces ``search_for`` in the given ``string`` with ``replace_with``.</doc>
<arguments>
<arg>${DisplayedPrice}</arg>
<arg>${resultNumber}</arg>
<arg>NUM</arg>
</arguments>
<assign>
<var>${DisplayedPrice}</var>
</assign>
<msg timestamp="20200905 18:11:45.295" level="INFO">${DisplayedPrice} = css=div[class*="HmYoV"] div[class*="bhgxx"]:nth-child(NUM) a[class*="qSD"] div[class*="rQ-NK"]</msg>
<status status="PASS" starttime="20200905 18:11:45.295" endtime="20200905 18:11:45.295"></status>
</kw>
<status status="PASS" starttime="20200905 18:11:45.275" endtime="20200905 18:11:45.295"></status>
</kw>
<kw name="${singleResultNum} = 16" type="foritem">
<kw name="Convert To String" library="BuiltIn">
<doc>Converts the given item to a Unicode string.</doc>
<arguments>
<arg>${singleResultNum}</arg>
</arguments>
<assign>
<var>${resultNumber}</var>
</assign>
<msg timestamp="20200905 18:11:45.296" level="INFO">${resultNumber} = 16</msg>
<status status="PASS" starttime="20200905 18:11:45.295" endtime="20200905 18:11:45.296"></status>
</kw>
<kw name="Replace String" library="String">
<doc>Replaces ``search_for`` in the given ``string`` with ``replace_with``.</doc>
<arguments>
<arg>${SingleFilteredResult}</arg>
<arg>NUM</arg>
<arg>${resultNumber}</arg>
</arguments>
<assign>
<var>${SingleFilteredResult}</var>
</assign>
<msg timestamp="20200905 18:11:45.296" level="INFO">${SingleFilteredResult} = css=div[class*="HmYoV"] div[class*="bhgxx"]:nth-child(16) a[class*="qSD"]</msg>
<status status="PASS" starttime="20200905 18:11:45.296" endtime="20200905 18:11:45.296"></status>
</kw>
<kw name="Replace String" library="String">
<doc>Replaces ``search_for`` in the given ``string`` with ``replace_with``.</doc>
<arguments>
<arg>${DisplayedPrice}</arg>
<arg>NUM</arg>
<arg>${resultNumber}</arg>
</arguments>
<assign>
<var>${DisplayedPrice}</var>
</assign>
<msg timestamp="20200905 18:11:45.297" level="INFO">${DisplayedPrice} = css=div[class*="HmYoV"] div[class*="bhgxx"]:nth-child(16) a[class*="qSD"] div[class*="rQ-NK"]</msg>
<status status="PASS" starttime="20200905 18:11:45.296" endtime="20200905 18:11:45.297"></status>
</kw>
<kw name="Get Text" library="Selenium2Library">
<doc>Returns the text value of the element identified by ``locator``.</doc>
<arguments>
<arg>${DisplayedPrice}</arg>
</arguments>
<assign>
<var>${price}</var>
</assign>
<msg timestamp="20200905 18:11:45.311" level="INFO">${price} = ₹7,990</msg>
<status status="PASS" starttime="20200905 18:11:45.297" endtime="20200905 18:11:45.311"></status>
</kw>
<kw name="Get Substring" library="String">
<doc>Returns a substring from ``start`` index to ``end`` index.</doc>
<arguments>
<arg>${price}</arg>
<arg>1</arg>
</arguments>
<assign>
<var>${price}</var>
</assign>
<msg timestamp="20200905 18:11:45.311" level="INFO">${price} = 7,990</msg>
<status status="PASS" starttime="20200905 18:11:45.311" endtime="20200905 18:11:45.311"></status>
</kw>
<kw name="Remove String" library="String">
<doc>Removes all ``removables`` from the given ``string``.</doc>
<arguments>
<arg>${price}</arg>
<arg>,</arg>
</arguments>
<assign>
<var>${price}</var>
</assign>
<msg timestamp="20200905 18:11:45.312" level="INFO">${price} = 7990</msg>
<status status="PASS" starttime="20200905 18:11:45.311" endtime="20200905 18:11:45.312"></status>
</kw>
<kw name="Should Be True" library="BuiltIn">
<doc>Fails if the given condition is not true.</doc>
<arguments>
<arg>${miniPrice}&lt;=${price}</arg>
</arguments>
<status status="PASS" starttime="20200905 18:11:45.312" endtime="20200905 18:11:45.312"></status>
</kw>
<kw name="Should Be True" library="BuiltIn">
<doc>Fails if the given condition is not true.</doc>
<arguments>
<arg>${maxiPrice}&gt;=${price}</arg>
</arguments>
<status status="PASS" starttime="20200905 18:11:45.312" endtime="20200905 18:11:45.313"></status>
</kw>
<kw name="Replace String" library="String">
<doc>Replaces ``search_for`` in the given ``string`` with ``replace_with``.</doc>
<arguments>
<arg>${SingleFilteredResult}</arg>
<arg>${resultNumber}</arg>
<arg>NUM</arg>
</arguments>
<assign>
<var>${SingleFilteredResult}</var>
</assign>
<msg timestamp="20200905 18:11:45.313" level="INFO">${SingleFilteredResult} = css=div[class*="HmYoV"] div[class*="bhgxx"]:nth-child(NUM) a[class*="qSD"]</msg>
<status status="PASS" starttime="20200905 18:11:45.313" endtime="20200905 18:11:45.313"></status>
</kw>
<kw name="Replace String" library="String">
<doc>Replaces ``search_for`` in the given ``string`` with ``replace_with``.</doc>
<arguments>
<arg>${DisplayedPrice}</arg>
<arg>${resultNumber}</arg>
<arg>NUM</arg>
</arguments>
<assign>
<var>${DisplayedPrice}</var>
</assign>
<msg timestamp="20200905 18:11:45.313" level="INFO">${DisplayedPrice} = css=div[class*="HmYoV"] div[class*="bhgxx"]:nth-child(NUM) a[class*="qSD"] div[class*="rQ-NK"]</msg>
<status status="PASS" starttime="20200905 18:11:45.313" endtime="20200905 18:11:45.314"></status>
</kw>
<status status="PASS" starttime="20200905 18:11:45.295" endtime="20200905 18:11:45.314"></status>
</kw>
<kw name="${singleResultNum} = 17" type="foritem">
<kw name="Convert To String" library="BuiltIn">
<doc>Converts the given item to a Unicode string.</doc>
<arguments>
<arg>${singleResultNum}</arg>
</arguments>
<assign>
<var>${resultNumber}</var>
</assign>
<msg timestamp="20200905 18:11:45.314" level="INFO">${resultNumber} = 17</msg>
<status status="PASS" starttime="20200905 18:11:45.314" endtime="20200905 18:11:45.314"></status>
</kw>
<kw name="Replace String" library="String">
<doc>Replaces ``search_for`` in the given ``string`` with ``replace_with``.</doc>
<arguments>
<arg>${SingleFilteredResult}</arg>
<arg>NUM</arg>
<arg>${resultNumber}</arg>
</arguments>
<assign>
<var>${SingleFilteredResult}</var>
</assign>
<msg timestamp="20200905 18:11:45.315" level="INFO">${SingleFilteredResult} = css=div[class*="HmYoV"] div[class*="bhgxx"]:nth-child(17) a[class*="qSD"]</msg>
<status status="PASS" starttime="20200905 18:11:45.314" endtime="20200905 18:11:45.315"></status>
</kw>
<kw name="Replace String" library="String">
<doc>Replaces ``search_for`` in the given ``string`` with ``replace_with``.</doc>
<arguments>
<arg>${DisplayedPrice}</arg>
<arg>NUM</arg>
<arg>${resultNumber}</arg>
</arguments>
<assign>
<var>${DisplayedPrice}</var>
</assign>
<msg timestamp="20200905 18:11:45.315" level="INFO">${DisplayedPrice} = css=div[class*="HmYoV"] div[class*="bhgxx"]:nth-child(17) a[class*="qSD"] div[class*="rQ-NK"]</msg>
<status status="PASS" starttime="20200905 18:11:45.315" endtime="20200905 18:11:45.315"></status>
</kw>
<kw name="Get Text" library="Selenium2Library">
<doc>Returns the text value of the element identified by ``locator``.</doc>
<arguments>
<arg>${DisplayedPrice}</arg>
</arguments>
<assign>
<var>${price}</var>
</assign>
<msg timestamp="20200905 18:11:45.328" level="INFO">${price} = ₹8,700</msg>
<status status="PASS" starttime="20200905 18:11:45.315" endtime="20200905 18:11:45.328"></status>
</kw>
<kw name="Get Substring" library="String">
<doc>Returns a substring from ``start`` index to ``end`` index.</doc>
<arguments>
<arg>${price}</arg>
<arg>1</arg>
</arguments>
<assign>
<var>${price}</var>
</assign>
<msg timestamp="20200905 18:11:45.329" level="INFO">${price} = 8,700</msg>
<status status="PASS" starttime="20200905 18:11:45.329" endtime="20200905 18:11:45.329"></status>
</kw>
<kw name="Remove String" library="String">
<doc>Removes all ``removables`` from the given ``string``.</doc>
<arguments>
<arg>${price}</arg>
<arg>,</arg>
</arguments>
<assign>
<var>${price}</var>
</assign>
<msg timestamp="20200905 18:11:45.329" level="INFO">${price} = 8700</msg>
<status status="PASS" starttime="20200905 18:11:45.329" endtime="20200905 18:11:45.329"></status>
</kw>
<kw name="Should Be True" library="BuiltIn">
<doc>Fails if the given condition is not true.</doc>
<arguments>
<arg>${miniPrice}&lt;=${price}</arg>
</arguments>
<status status="PASS" starttime="20200905 18:11:45.330" endtime="20200905 18:11:45.330"></status>
</kw>
<kw name="Should Be True" library="BuiltIn">
<doc>Fails if the given condition is not true.</doc>
<arguments>
<arg>${maxiPrice}&gt;=${price}</arg>
</arguments>
<status status="PASS" starttime="20200905 18:11:45.330" endtime="20200905 18:11:45.330"></status>
</kw>
<kw name="Replace String" library="String">
<doc>Replaces ``search_for`` in the given ``string`` with ``replace_with``.</doc>
<arguments>
<arg>${SingleFilteredResult}</arg>
<arg>${resultNumber}</arg>
<arg>NUM</arg>
</arguments>
<assign>
<var>${SingleFilteredResult}</var>
</assign>
<msg timestamp="20200905 18:11:45.331" level="INFO">${SingleFilteredResult} = css=div[class*="HmYoV"] div[class*="bhgxx"]:nth-child(NUM) a[class*="qSD"]</msg>
[...]
<status status="PASS" starttime="20200905 18:12:56.087" endtime="20200905 18:12:56.087"></status>
</kw>
<kw name="Replace String" library="String">
<doc>Replaces ``search_for`` in the given ``string`` with ``replace_with``.</doc>
<arguments>
<arg>${DisplayedPrice}</arg>
<arg>NUM</arg>
<arg>${resultNumber}</arg>
</arguments>
<assign>
<var>${DisplayedPrice}</var>
</assign>
<msg timestamp="20200905 18:12:56.087" level="INFO">${DisplayedPrice} = css=div[class*="HmYoV"] div[class*="bhgxx"]:nth-child(8) a[class*="qSD"] div[class*="rQ-NK"]</msg>
<status status="PASS" starttime="20200905 18:12:56.087" endtime="20200905 18:12:56.087"></status>
</kw>
<kw name="Get Text" library="Selenium2Library">
<doc>Returns the text value of the element identified by ``locator``.</doc>
<arguments>
<arg>${DisplayedPrice}</arg>
</arguments>
<assign>
<var>${price}</var>
</assign>
<msg timestamp="20200905 18:12:56.109" level="INFO">${price} = ₹3,599</msg>
<status status="PASS" starttime="20200905 18:12:56.087" endtime="20200905 18:12:56.109"></status>
</kw>
<kw name="Get Substring" library="String">
<doc>Returns a substring from ``start`` index to ``end`` index.</doc>
<arguments>
<arg>${price}</arg>
<arg>1</arg>
</arguments>
<assign>
<var>${price}</var>
</assign>
<msg timestamp="20200905 18:12:56.109" level="INFO">${price} = 3,599</msg>
<status status="PASS" starttime="20200905 18:12:56.109" endtime="20200905 18:12:56.109"></status>
</kw>
<kw name="Remove String" library="String">
<doc>Removes all ``removables`` from the given ``string``.</doc>
<arguments>
<arg>${price}</arg>
<arg>,</arg>
</arguments>
<assign>
<var>${price}</var>
</assign>
<msg timestamp="20200905 18:12:56.109" level="INFO">${price} = 3599</msg>
<status status="PASS" starttime="20200905 18:12:56.109" endtime="20200905 18:12:56.109"></status>
</kw>
<kw name="Should Be True" library="BuiltIn">
<doc>Fails if the given condition is not true.</doc>
<arguments>
<arg>${miniPrice}&lt;=${price}</arg>
</arguments>
<status status="PASS" starttime="20200905 18:12:56.109" endtime="20200905 18:12:56.109"></status>
</kw>
<kw name="Should Be True" library="BuiltIn">
<doc>Fails if the given condition is not true.</doc>
<arguments>
<arg>${maxiPrice}&gt;=${price}</arg>
</arguments>
<status status="PASS" starttime="20200905 18:12:56.109" endtime="20200905 18:12:56.109"></status>
</kw>
<kw name="Replace String" library="String">
<doc>Replaces ``search_for`` in the given ``string`` with ``replace_with``.</doc>
<arguments>
<arg>${SingleFilteredResult}</arg>
<arg>${resultNumber}</arg>
<arg>NUM</arg>
</arguments>
<assign>
<var>${SingleFilteredResult}</var>
</assign>
<msg timestamp="20200905 18:12:56.109" level="INFO">${SingleFilteredResult} = css=div[class*="HmYoV"] div[class*="bhgxx"]:nth-child(NUM) a[class*="qSD"]</msg>
<status status="PASS" starttime="20200905 18:12:56.109" endtime="20200905 18:12:56.109"></status>
</kw>
<kw name="Replace String" library="String">
<doc>Replaces ``search_for`` in the given ``string`` with ``replace_with``.</doc>
<arguments>
<arg>${DisplayedPrice}</arg>
<arg>${resultNumber}</arg>
<arg>NUM</arg>
</arguments>
<assign>
<var>${DisplayedPrice}</var>
</assign>
<msg timestamp="20200905 18:12:56.109" level="INFO">${DisplayedPrice} = css=div[class*="HmYoV"] div[class*="bhgxx"]:nth-child(NUM) a[class*="qSD"] div[class*="rQ-NK"]</msg>
<status status="PASS" starttime="20200905 18:12:56.109" endtime="20200905 18:12:56.109"></status>
</kw>
<status status="PASS" starttime="20200905 18:12:56.087" endtime="20200905 18:12:56.109"></status>
</kw>
<kw name="${singleResultNum} = 9" type="foritem">
<kw name="Convert To String" library="BuiltIn">
<doc>Converts the given item to a Unicode string.</doc>
<arguments>
<arg>${singleResultNum}</arg>
</arguments>
<assign>
<var>${resultNumber}</var>
</assign>
<msg timestamp="20200905 18:12:56.109" level="INFO">${resultNumber} = 9</msg>
<status status="PASS" starttime="20200905 18:12:56.109" endtime="20200905 18:12:56.109"></status>
</kw>
<kw name="Replace String" library="String">
<doc>Replaces ``search_for`` in the given ``string`` with ``replace_with``.</doc>
<arguments>
<arg>${SingleFilteredResult}</arg>
<arg>NUM</arg>
<arg>${resultNumber}</arg>
</arguments>
<assign>
<var>${SingleFilteredResult}</var>
</assign>
<msg timestamp="20200905 18:12:56.109" level="INFO">${SingleFilteredResult} = css=div[class*="HmYoV"] div[class*="bhgxx"]:nth-child(9) a[class*="qSD"]</msg>
<status status="PASS" starttime="20200905 18:12:56.109" endtime="20200905 18:12:56.109"></status>
</kw>
<kw name="Replace String" library="String">
<doc>Replaces ``search_for`` in the given ``string`` with ``replace_with``.</doc>
<arguments>
<arg>${DisplayedPrice}</arg>
<arg>NUM</arg>
<arg>${resultNumber}</arg>
</arguments>
<assign>
<var>${DisplayedPrice}</var>
</assign>
<msg timestamp="20200905 18:12:56.109" level="INFO">${DisplayedPrice} = css=div[class*="HmYoV"] div[class*="bhgxx"]:nth-child(9) a[class*="qSD"] div[class*="rQ-NK"]</msg>
<status status="PASS" starttime="20200905 18:12:56.109" endtime="20200905 18:12:56.109"></status>
</kw>
<kw name="Get Text" library="Selenium2Library">
<doc>Returns the text value of the element identified by ``locator``.</doc>
<arguments>
<arg>${DisplayedPrice}</arg>
</arguments>
<assign>
<var>${price}</var>
</assign>
<msg timestamp="20200905 18:12:56.125" level="INFO">${price} = ₹6,999</msg>
<status status="PASS" starttime="20200905 18:12:56.109" endtime="20200905 18:12:56.125"></status>
</kw>
<kw name="Get Substring" library="String">
<doc>Returns a substring from ``start`` index to ``end`` index.</doc>
<arguments>
<arg>${price}</arg>
<arg>1</arg>
</arguments>
<assign>
<var>${price}</var>
</assign>
<msg timestamp="20200905 18:12:56.125" level="INFO">${price} = 6,999</msg>
<status status="PASS" starttime="20200905 18:12:56.125" endtime="20200905 18:12:56.125"></status>
</kw>
<kw name="Remove String" library="String">
<doc>Removes all ``removables`` from the given ``string``.</doc>
<arguments>
<arg>${price}</arg>
<arg>,</arg>
</arguments>
<assign>
<var>${price}</var>
</assign>
<msg timestamp="20200905 18:12:56.125" level="INFO">${price} = 6999</msg>
<status status="PASS" starttime="20200905 18:12:56.125" endtime="20200905 18:12:56.125"></status>
</kw>
<kw name="Should Be True" library="BuiltIn">
<doc>Fails if the given condition is not true.</doc>
<arguments>
<arg>${miniPrice}&lt;=${price}</arg>
</arguments>
<status status="PASS" starttime="20200905 18:12:56.125" endtime="20200905 18:12:56.125"></status>
</kw>
<kw name="Should Be True" library="BuiltIn">
<doc>Fails if the given condition is not true.</doc>
<arguments>
<arg>${maxiPrice}&gt;=${price}</arg>
</arguments>
<status status="PASS" starttime="20200905 18:12:56.125" endtime="20200905 18:12:56.125"></status>
</kw>
<kw name="Replace String" library="String">
<doc>Replaces ``search_for`` in the given ``string`` with ``replace_with``.</doc>
<arguments>
<arg>${SingleFilteredResult}</arg>
<arg>${resultNumber}</arg>
<arg>NUM</arg>
</arguments>
<assign>
<var>${SingleFilteredResult}</var>
</assign>
<msg timestamp="20200905 18:12:56.125" level="INFO">${SingleFilteredResult} = css=div[class*="HmYoV"] div[class*="bhgxx"]:nth-child(NUM) a[class*="qSD"]</msg>
<status status="PASS" starttime="20200905 18:12:56.125" endtime="20200905 18:12:56.125"></status>
</kw>
<kw name="Replace String" library="String">
<doc>Replaces ``search_for`` in the given ``string`` with ``replace_with``.</doc>
<arguments>
<arg>${DisplayedPrice}</arg>
<arg>${resultNumber}</arg>
<arg>NUM</arg>
</arguments>
<assign>
<var>${DisplayedPrice}</var>
</assign>
<msg timestamp="20200905 18:12:56.125" level="INFO">${DisplayedPrice} = css=div[class*="HmYoV"] div[class*="bhgxx"]:nth-child(NUM) a[class*="qSD"] div[class*="rQ-NK"]</msg>
<status status="PASS" starttime="20200905 18:12:56.125" endtime="20200905 18:12:56.125"></status>
</kw>
<status status="PASS" starttime="20200905 18:12:56.109" endtime="20200905 18:12:56.125"></status>
</kw>
<kw name="${singleResultNum} = 10" type="foritem">
<kw name="Convert To String" library="BuiltIn">
<doc>Converts the given item to a Unicode string.</doc>
<arguments>
<arg>${singleResultNum}</arg>
</arguments>
<assign>
<var>${resultNumber}</var>
</assign>
<msg timestamp="20200905 18:12:56.125" level="INFO">${resultNumber} = 10</msg>
<status status="PASS" starttime="20200905 18:12:56.125" endtime="20200905 18:12:56.125"></status>
</kw>
<kw name="Replace String" library="String">
<doc>Replaces ``search_for`` in the given ``string`` with ``replace_with``.</doc>
<arguments>
<arg>${SingleFilteredResult}</arg>
<arg>NUM</arg>
<arg>${resultNumber}</arg>
</arguments>
<assign>
<var>${SingleFilteredResult}</var>
</assign>
<msg timestamp="20200905 18:12:56.125" level="INFO">${SingleFilteredResult} = css=div[class*="HmYoV"] div[class*="bhgxx"]:nth-child(10) a[class*="qSD"]</msg>
<status status="PASS" starttime="20200905 18:12:56.125" endtime="20200905 18:12:56.125"></status>
</kw>
<kw name="Replace String" library="String">
<doc>Replaces ``search_for`` in the given ``string`` with ``replace_with``.</doc>
<arguments>
<arg>${DisplayedPrice}</arg>
<arg>NUM</arg>
<arg>${resultNumber}</arg>
</arguments>
<assign>
<var>${DisplayedPrice}</var>
</assign>
<msg timestamp="20200905 18:12:56.125" level="INFO">${DisplayedPrice} = css=div[class*="HmYoV"] div[class*="bhgxx"]:nth-child(10) a[class*="qSD"] div[class*="rQ-NK"]</msg>
<status status="PASS" starttime="20200905 18:12:56.125" endtime="20200905 18:12:56.125"></status>
</kw>
<kw name="Get Text" library="Selenium2Library">
<doc>Returns the text value of the element identified by ``locator``.</doc>
<arguments>
<arg>${DisplayedPrice}</arg>
</arguments>
<assign>
<var>${price}</var>
</assign>
<msg timestamp="20200905 18:12:56.140" level="INFO">${price} = ₹3,400</msg>
<status status="PASS" starttime="20200905 18:12:56.125" endtime="20200905 18:12:56.140"></status>
</kw>
<kw name="Get Substring" library="String">
<doc>Returns a substring from ``start`` index to ``end`` index.</doc>
<arguments>
<arg>${price}</arg>
<arg>1</arg>
</arguments>
<assign>
<var>${price}</var>
</assign>
<msg timestamp="20200905 18:12:56.140" level="INFO">${price} = 3,400</msg>
<status status="PASS" starttime="20200905 18:12:56.140" endtime="20200905 18:12:56.140"></status>
</kw>
<kw name="Remove String" library="String">
<doc>Removes all ``removables`` from the given ``string``.</doc>
<arguments>
<arg>${price}</arg>
<arg>,</arg>
</arguments>
<assign>
<var>${price}</var>
</assign>
<msg timestamp="20200905 18:12:56.140" level="INFO">${price} = 3400</msg>
<status status="PASS" starttime="20200905 18:12:56.140" endtime="20200905 18:12:56.140"></status>
</kw>
<kw name="Should Be True" library="BuiltIn">
<doc>Fails if the given condition is not true.</doc>
<arguments>
<arg>${miniPrice}&lt;=${price}</arg>
</arguments>
<status status="PASS" starttime="20200905 18:12:56.140" endtime="20200905 18:12:56.140"></status>
</kw>
<kw name="Should Be True" library="BuiltIn">
<doc>Fails if the given condition is not true.</doc>
<arguments>
<arg>${maxiPrice}&gt;=${price}</arg>
</arguments>
<status status="PASS" starttime="20200905 18:12:56.140" endtime="20200905 18:12:56.140"></status>
</kw>
<kw name="Replace String" library="String">
<doc>Replaces ``search_for`` in the given ``string`` with ``replace_with``.</doc>
<arguments>
<arg>${SingleFilteredResult}</arg>
<arg>${resultNumber}</arg>
<arg>NUM</arg>
</arguments>
<assign>
<var>${SingleFilteredResult}</var>
</assign>
<msg timestamp="20200905 18:12:56.140" level="INFO">${SingleFilteredResult} = css=div[class*="HmYoV"] div[class*="bhgxx"]:nth-child(NUM) a[class*="qSD"]</msg>
<status status="PASS" starttime="20200905 18:12:56.140" endtime="20200905 18:12:56.140"></status>
</kw>
<kw name="Replace String" library="String">
<doc>Replaces ``search_for`` in the given ``string`` with ``replace_with``.</doc>
<arguments>
<arg>${DisplayedPrice}</arg>
<arg>${resultNumber}</arg>
<arg>NUM</arg>
</arguments>
<assign>
<var>${DisplayedPrice}</var>
</assign>
<msg timestamp="20200905 18:12:56.140" level="INFO">${DisplayedPrice} = css=div[class*="HmYoV"] div[class*="bhgxx"]:nth-child(NUM) a[class*="qSD"] div[class*="rQ-NK"]</msg>
<status status="PASS" starttime="20200905 18:12:56.140" endtime="20200905 18:12:56.140"></status>
</kw>
<status status="PASS" starttime="20200905 18:12:56.125" endtime="20200905 18:12:56.140"></status>
</kw>
<kw name="${singleResultNum} = 11" type="foritem">
<kw name="Convert To String" library="BuiltIn">
<doc>Converts the given item to a Unicode string.</doc>
<arguments>
<arg>${singleResultNum}</arg>
</arguments>
<assign>
<var>${resultNumber}</var>
</assign>
<msg timestamp="20200905 18:12:56.140" level="INFO">${resultNumber} = 11</msg>
<status status="PASS" starttime="20200905 18:12:56.140" endtime="20200905 18:12:56.140"></status>
</kw>
<kw name="Replace String" library="String">
<doc>Replaces ``search_for`` in the given ``string`` with ``replace_with``.</doc>
<arguments>
<arg>${SingleFilteredResult}</arg>
<arg>NUM</arg>
<arg>${resultNumber}</arg>
</arguments>
<assign>
<var>${SingleFilteredResult}</var>
</assign>
<msg timestamp="20200905 18:12:56.140" level="INFO">${SingleFilteredResult} = css=div[class*="HmYoV"] div[class*="bhgxx"]:nth-child(11) a[class*="qSD"]</msg>
<status status="PASS" starttime="20200905 18:12:56.140" endtime="20200905 18:12:56.140"></status>
</kw>
<kw name="Replace String" library="String">
<doc>Replaces ``search_for`` in the given ``string`` with ``replace_with``.</doc>
<arguments>
<arg>${DisplayedPrice}</arg>
<arg>NUM</arg>
<arg>${resultNumber}</arg>
</arguments>
<assign>
<var>${DisplayedPrice}</var>
</assign>
<msg timestamp="20200905 18:12:56.140" level="INFO">${DisplayedPrice} = css=div[class*="HmYoV"] div[class*="bhgxx"]:nth-child(11) a[class*="qSD"] div[class*="rQ-NK"]</msg>
<status status="PASS" starttime="20200905 18:12:56.140" endtime="20200905 18:12:56.140"></status>
</kw>
<kw name="Get Text" library="Selenium2Library">
<doc>Returns the text value of the element identified by ``locator``.</doc>
<arguments>
<arg>${DisplayedPrice}</arg>
</arguments>
<assign>
<var>${price}</var>
</assign>
<msg timestamp="20200905 18:12:56.156" level="INFO">${price} = ₹3,999</msg>
<status status="PASS" starttime="20200905 18:12:56.140" endtime="20200905 18:12:56.156"></status>
</kw>
<kw name="Get Substring" library="String">
<doc>Returns a substring from ``start`` index to ``end`` index.</doc>
<arguments>
<arg>${price}</arg>
<arg>1</arg>
</arguments>
<assign>
<var>${price}</var>
</assign>
<msg timestamp="20200905 18:12:56.156" level="INFO">${price} = 3,999</msg>
<status status="PASS" starttime="20200905 18:12:56.156" endtime="20200905 18:12:56.156"></status>
</kw>
<kw name="Remove String" library="String">
<doc>Removes all ``removables`` from the given ``string``.</doc>
<arguments>
<arg>${price}</arg>
<arg>,</arg>
</arguments>
<assign>
<var>${price}</var>
</assign>
<msg timestamp="20200905 18:12:56.156" level="INFO">${price} = 3999</msg>
<status status="PASS" starttime="20200905 18:12:56.156" endtime="20200905 18:12:56.156"></status>
</kw>
<kw name="Should Be True" library="BuiltIn">
<doc>Fails if the given condition is not true.</doc>
<arguments>
<arg>${miniPrice}&lt;=${price}</arg>
</arguments>
<status status="PASS" starttime="20200905 18:12:56.156" endtime="20200905 18:12:56.156"></status>
</kw>
<kw name="Should Be True" library="BuiltIn">
<doc>Fails if the given condition is not true.</doc>
<arguments>
<arg>${maxiPrice}&gt;=${price}</arg>
</arguments>
<status status="PASS" starttime="20200905 18:12:56.156" endtime="20200905 18:12:56.156"></status>
</kw>
<kw name="Replace String" library="String">
<doc>Replaces ``search_for`` in the given ``string`` with ``replace_with``.</doc>
<arguments>
<arg>${SingleFilteredResult}</arg>
<arg>${resultNumber}</arg>
<arg>NUM</arg>
</arguments>
<assign>
<var>${SingleFilteredResult}</var>
</assign>
<msg timestamp="20200905 18:12:56.156" level="INFO">${SingleFilteredResult} = css=div[class*="HmYoV"] div[class*="bhgxx"]:nth-child(NUM) a[class*="qSD"]</msg>
<status status="PASS" starttime="20200905 18:12:56.156" endtime="20200905 18:12:56.156"></status>
</kw>
<kw name="Replace String" library="String">
<doc>Replaces ``search_for`` in the given ``string`` with ``replace_with``.</doc>
<arguments>
<arg>${DisplayedPrice}</arg>
<arg>${resultNumber}</arg>
<arg>NUM</arg>
</arguments>
<assign>
<var>${DisplayedPrice}</var>
</assign>
<msg timestamp="20200905 18:12:56.156" level="INFO">${DisplayedPrice} = css=div[class*="HmYoV"] div[class*="bhgxx"]:nth-child(NUM) a[class*="qSD"] div[class*="rQ-NK"]</msg>
<status status="PASS" starttime="20200905 18:12:56.156" endtime="20200905 18:12:56.156"></status>
</kw>
<status status="PASS" starttime="20200905 18:12:56.140" endtime="20200905 18:12:56.156"></status>
</kw>
<status status="PASS" starttime="20200905 18:12:55.955" endtime="20200905 18:12:56.156"></status>
</kw>
<status status="PASS" starttime="20200905 18:12:55.940" endtime="20200905 18:12:56.156"></status>
</kw>
<kw name="Run Keyword And Return Status" library="BuiltIn">
<doc>Runs the given keyword with given arguments and returns the status as a Boolean value.</doc>
<arguments>
<arg>Element Should Be Visible</arg>
<arg>${NextButton}</arg>
</arguments>
<assign>
<var>${statusNextButton}</var>
</assign>
<kw name="Element Should Be Visible" library="Selenium2Library">
<doc>Verifies that the element identified by ``locator`` is visible.</doc>
<arguments>
<arg>${NextButton}</arg>
</arguments>
<kw name="Capture Page Screenshot" library="Selenium2Library">
<doc>Takes a screenshot of the current page and embeds it into a log file.</doc>
<msg timestamp="20200905 18:12:58.471" level="INFO" html="yes">&lt;/td&gt;&lt;/tr&gt;&lt;tr&gt;&lt;td colspan="3"&gt;&lt;a href="selenium-screenshot-6.png"&gt;&lt;img src="selenium-screenshot-6.png" width="800px"&gt;&lt;/a&gt;</msg>
<status status="PASS" starttime="20200905 18:12:58.337" endtime="20200905 18:12:58.471"></status>
</kw>
<msg timestamp="20200905 18:12:58.471" level="FAIL">Element with locator 'Link=NEXT' not found.</msg>
<status status="FAIL" starttime="20200905 18:12:56.156" endtime="20200905 18:12:58.471"></status>
</kw>
<msg timestamp="20200905 18:12:58.471" level="INFO">${statusNextButton} = False</msg>
<status status="PASS" starttime="20200905 18:12:56.156" endtime="20200905 18:12:58.471"></status>
</kw>
<kw name="Run Keyword If" library="BuiltIn">
<doc>Runs the given keyword with the given arguments, if ``condition`` is true.</doc>
<arguments>
<arg>${statusNextButton}==True</arg>
<arg>Click Element</arg>
<arg>${NextButton}</arg>
<arg>ELSE</arg>
<arg>Exit For Loop</arg>
</arguments>
<kw name="Exit For Loop" library="BuiltIn">
<doc>Stops executing the enclosing for loop.</doc>
<msg timestamp="20200905 18:12:58.471" level="INFO">Exiting for loop altogether.</msg>
<status status="PASS" starttime="20200905 18:12:58.471" endtime="20200905 18:12:58.471"></status>
</kw>
<status status="PASS" starttime="20200905 18:12:58.471" endtime="20200905 18:12:58.471"></status>
</kw>
<status status="PASS" starttime="20200905 18:12:55.940" endtime="20200905 18:12:58.471"></status>
</kw>
<status status="PASS" starttime="20200905 18:11:44.913" endtime="20200905 18:12:58.471"></status>
</kw>
<status status="PASS" starttime="20200905 18:11:38.265" endtime="20200905 18:12:58.471" critical="yes"></status>
</test>
<kw name="Close Browser" library="Selenium2Library" type="teardown">
<doc>Closes the current browser.</doc>
<status status="PASS" starttime="20200905 18:12:58.471" endtime="20200905 18:13:02.153"></status>
</kw>
<status status="PASS" starttime="20200905 18:11:22.031" endtime="20200905 18:13:02.153"></status>
</suite>
<statistics>
<total>
<stat pass="1" fail="0">Critical Tests</stat>
<stat pass="1" fail="0">All Tests</stat>
</total>
<tag>
</tag>
<suite>
<stat pass="1" fail="0" id="s1" name="TC1 select price range and varify">TC1 select price range and varify</stat>
</suite>
</statistics>
<errors>
</errors>
</robot>
