<?xml version="1.0" encoding="UTF-8"?>
<robot generator="Robot 3.0.4 (Python 3.7.6 on win32)" generated="20200904 22:18:20.003">
<suite id="s1" name="TC1 Select Price Range and Varify" source="D:\MONU\Robotframework\Flipcart\TestCases\TC1_Select_Price_Range_and_Varify.txt">
<kw name="Open Makemytrip" library="Keywords" type="setup">
<kw name="Open Browser" library="Selenium2Library">
<doc>Opens a new browser instance to the optional ``url``.</doc>
<arguments>
<arg>${urlOfFlipcart}</arg>
<arg>${browser}</arg>
</arguments>
<msg timestamp="20200904 22:18:20.299" level="INFO">Opening browser 'Firefox' to base url 'https://www.flipkart.com/'.</msg>
<msg timestamp="20200904 22:18:20.302" level="INFO">Firefox driver log is always forced to to: D:\MONU\Robotframework\Flipcart\TestCases\geckodriver-14.log</msg>
<status status="PASS" starttime="20200904 22:18:20.299" endtime="20200904 22:19:31.016"></status>
</kw>
<kw name="Maximize Browser Window" library="Selenium2Library">
<doc>Maximizes current browser window.</doc>
<status status="PASS" starttime="20200904 22:19:31.017" endtime="20200904 22:19:31.054"></status>
</kw>
<status status="PASS" starttime="20200904 22:18:20.298" endtime="20200904 22:19:31.054"></status>
</kw>
<test id="s1-t1" name="Select Price Range For Samsung And Verify Price According to Selected Price Range">
<kw name="Run Keyword And Return Status" library="BuiltIn">
<doc>Runs the given keyword with given arguments and returns the status as a Boolean value.</doc>
<arguments>
<arg>Element Should Be Visible</arg>
<arg>${LoginBox}</arg>
</arguments>
<assign>
<var>${statusLoginBox}</var>
</assign>
<kw name="Element Should Be Visible" library="Selenium2Library">
<doc>Verifies that the element identified by ``locator`` is visible.</doc>
<arguments>
<arg>${LoginBox}</arg>
</arguments>
<msg timestamp="20200904 22:19:31.125" level="INFO">Element 'css=div[class="_2ISNhP _3AOFWO"]' is displayed.</msg>
<status status="PASS" starttime="20200904 22:19:31.058" endtime="20200904 22:19:31.125"></status>
</kw>
<msg timestamp="20200904 22:19:31.125" level="INFO">${statusLoginBox} = True</msg>
<status status="PASS" starttime="20200904 22:19:31.057" endtime="20200904 22:19:31.125"></status>
</kw>
<kw name="Run Keyword If" library="BuiltIn">
<doc>Runs the given keyword with the given arguments, if ``condition`` is true.</doc>
<arguments>
<arg>${statusLoginBox}==True</arg>
<arg>Click Element</arg>
<arg>${LoginCrossButton}</arg>
</arguments>
<kw name="Click Element" library="Selenium2Library">
<doc>Click the element identified by ``locator``.</doc>
<arguments>
<arg>${LoginCrossButton}</arg>
</arguments>
<msg timestamp="20200904 22:19:31.139" level="INFO">Clicking element 'css=button[class="_2AkmmA _29YdH8"]'.</msg>
<status status="PASS" starttime="20200904 22:19:31.139" endtime="20200904 22:19:31.437"></status>
</kw>
<status status="PASS" starttime="20200904 22:19:31.126" endtime="20200904 22:19:31.437"></status>
</kw>
<kw name="Wait Until Element Is Visible" library="Selenium2Library">
<doc>Waits until the element ``locator`` is visible.</doc>
<arguments>
<arg>${ToolbarButtons}</arg>
<arg>timeout=15s</arg>
</arguments>
<status status="PASS" starttime="20200904 22:19:31.438" endtime="20200904 22:19:31.478"></status>
</kw>
<kw name="Click Element" library="Selenium2Library">
<doc>Click the element identified by ``locator``.</doc>
<arguments>
<arg>${ElectronicsToolbarButton}</arg>
</arguments>
<msg timestamp="20200904 22:19:31.479" level="INFO">Clicking element 'css=ul[class="_114Zhd"]&gt;li:nth-child(1)'.</msg>
<status status="PASS" starttime="20200904 22:19:31.479" endtime="20200904 22:19:31.701"></status>
</kw>
<kw name="Wait Until Element Is Visible" library="Selenium2Library">
<doc>Waits until the element ``locator`` is visible.</doc>
<arguments>
<arg>${SamsungLink}</arg>
</arguments>
<status status="PASS" starttime="20200904 22:19:31.703" endtime="20200904 22:19:32.550"></status>
</kw>
<kw name="Click Element" library="Selenium2Library">
<doc>Click the element identified by ``locator``.</doc>
<arguments>
<arg>${SamsungLink}</arg>
</arguments>
<msg timestamp="20200904 22:19:32.551" level="INFO">Clicking element 'css=a[title="Samsung"]'.</msg>
<status status="PASS" starttime="20200904 22:19:32.551" endtime="20200904 22:19:32.814"></status>
</kw>
<kw name="Wait Until Element Is Visible" library="Selenium2Library">
<doc>Waits until the element ``locator`` is visible.</doc>
<arguments>
<arg>${Results}</arg>
<arg>timeout=15s</arg>
</arguments>
<status status="PASS" starttime="20200904 22:19:32.815" endtime="20200904 22:19:32.848"></status>
</kw>
<kw name="Wait Until Element Is Visible" library="Selenium2Library">
<doc>Waits until the element ``locator`` is visible.</doc>
<arguments>
<arg>${ViewAllButton}</arg>
<arg>timeout=30s</arg>
</arguments>
<status status="PASS" starttime="20200904 22:19:32.849" endtime="20200904 22:20:03.249"></status>
</kw>
<kw name="Click Element" library="Selenium2Library">
<doc>Click the element identified by ``locator``.</doc>
<arguments>
<arg>${ViewAllButton}</arg>
</arguments>
<msg timestamp="20200904 22:20:03.250" level="INFO">Clicking element 'css=div[class="_3e7xtJ"] div[class="bhgxx2 col-12-12"]:nth-child(1) div[class="_2rQIn7"]'.</msg>
<status status="PASS" starttime="20200904 22:20:03.249" endtime="20200904 22:20:03.659"></status>
</kw>
<kw name="Wait Until Element Is Visible" library="Selenium2Library">
<doc>Waits until the element ``locator`` is visible.</doc>
<arguments>
<arg>${FilteredResults}</arg>
</arguments>
<kw name="Capture Page Screenshot" library="Selenium2Library">
<doc>Takes a screenshot of the current page and embeds it into a log file.</doc>
<msg timestamp="20200904 22:20:09.083" level="INFO" html="yes">&lt;/td&gt;&lt;/tr&gt;&lt;tr&gt;&lt;td colspan="3"&gt;&lt;a href="selenium-screenshot-14.png"&gt;&lt;img src="selenium-screenshot-14.png" width="800px"&gt;&lt;/a&gt;</msg>
<status status="PASS" starttime="20200904 22:20:08.800" endtime="20200904 22:20:09.084"></status>
</kw>
<msg timestamp="20200904 22:20:09.115" level="FAIL">Element 'css=a[class="_31qSD5"]' not visible after 5 seconds.</msg>
<status status="FAIL" starttime="20200904 22:20:03.660" endtime="20200904 22:20:09.115"></status>
</kw>
<status status="FAIL" starttime="20200904 22:19:31.055" endtime="20200904 22:20:09.116" critical="yes">Element 'css=a[class="_31qSD5"]' not visible after 5 seconds.</status>
</test>
<status status="FAIL" starttime="20200904 22:18:20.007" endtime="20200904 22:20:09.117"></status>
</suite>
<statistics>
<total>
<stat pass="0" fail="1">Critical Tests</stat>
<stat pass="0" fail="1">All Tests</stat>
</total>
<tag>
</tag>
<suite>
<stat pass="0" fail="1" id="s1" name="TC1 Select Price Range and Varify">TC1 Select Price Range and Varify</stat>
</suite>
</statistics>
<errors>
</errors>
</robot>
